[2026-04-04 09:49:43] ERROR refreshAmfiCodes failed: fetch failed
[2026-04-04 09:51:13] ERROR refreshAmfiCodes failed: fetch failed
[2026-04-04 09:57:18] INFO Source: NAVAll.txt (portal.amfiindia.com)
[2026-04-04 09:57:19] INFO Updated B02G-Aditya Birla Sun Life ELSS Tax Saver Fund: code=107745, nav=55.54, date=2026-04-02
[2026-04-04 09:57:19] INFO Updated G223-Bandhan ELSS Tax saver Fund: code=111569, nav=140.349, date=2026-04-02
[2026-04-04 09:57:19] INFO Updated GD201-Bandhan Large & Mid Cap Fund: code=118419, nav=147.419, date=2026-04-02
[2026-04-04 09:57:19] INFO Updated GD201-Bandhan Large & Mid Cap Fund: code=111709, nav=160.5, date=2026-04-02
[2026-04-04 09:57:19] INFO Updated 101EQDGG-Canara Robeco Large and Mid Cap Fund: code=118278, nav=258.99, date=2026-04-02
[2026-04-04 09:57:19] INFO Updated 183FCDGG-Capitalmind Flexi Cap Fund: code=153738, nav=9.569, date=2026-04-02
[2026-04-04 09:57:19] INFO Updated D110-DSP ELSS Tax Saver Fund: code=104772, nav=126.617, date=2026-04-02
[2026-04-04 09:57:19] WARN ISIN not found:  (FTI417-Franklin India Mid Cap FUND)
[2026-04-04 09:57:19] INFO Updated FTI034-Franklin India ELSS Tax Saver Fund: code=100526, nav=1317.8032, date=2026-04-02
[2026-04-04 09:57:19] INFO Updated FTI419-Franklin India Large Cap FUND: code=118531, nav=1041.1098, date=2026-04-02
[2026-04-04 09:57:19] INFO Updated FTI425-Franklin INDIA OPPORTUNITIES FUND: code=118539, nav=252.8426, date=2026-04-02
[2026-04-04 09:57:19] INFO Updated FTI413-Franklin India Technology Fund: code=118537, nav=482.388, date=2026-04-02
[2026-04-04 09:57:19] INFO Updated H02T-HDFC Flexi Cap Fund: code=118955, nav=2030.109, date=2026-04-02
[2026-04-04 09:57:19] INFO Updated H02T-HDFC Flexi Cap Fund: code=101979, nav=1271.954, date=2026-04-02
[2026-04-04 09:57:19] INFO Updated H44-HDFC Large Cap Fund: code=102000, nav=1030.882, date=2026-04-02
[2026-04-04 09:57:19] INFO Updated H44T-HDFC Large Cap Fund: code=119018, nav=1119.715, date=2026-04-02
[2026-04-04 09:57:19] WARN ISIN not found: INF179K01YC8 (H22T-HDFC Prudence Fund)
[2026-04-04 09:57:19] INFO Updated HMCOGT-HDFC Mid Cap Fund: code=118989, nav=202.243, date=2026-04-02
[2026-04-04 09:57:19] WARN ISIN not found: INF179K01AV8 (H22-HDFC Prudence Fund)
[2026-04-04 09:57:19] INFO Updated OFTAFG-HSBC ELSS Tax Saver Fund: code=151076, nav=122.4221, date=2026-04-02
[2026-04-04 09:57:19] INFO Updated O17D-HSBC Midcap Fund: code=151036, nav=422.8956, date=2026-04-02
[2026-04-04 09:57:19] INFO Updated P8176-ICICI Prudential Value Fund: code=120323, nav=485.97, date=2026-04-02
[2026-04-04 09:57:19] INFO Updated P01-ICICI Prudential ELSS Tax Saver Fund: code=100354, nav=858.8, date=2026-04-02
[2026-04-04 09:57:19] INFO Updated P9453-ICICI Prudential India Opportunities Fund: code=145897, nav=37.15, date=2026-04-02
[2026-04-04 09:57:19] WARN ISIN not found: INF109K011O (P8002-ICICI Prudential Large & Mid Cap Fund)
[2026-04-04 09:57:19] INFO Updated PDFG-ICICI Prudential Value Fund: code=102594, nav=440.64, date=2026-04-02
[2026-04-04 09:57:19] INFO Updated P8107-ICICI Prudential Nifty Next 50 Index Fund: code=120684, nav=57.5496, date=2026-04-02
[2026-04-04 09:57:19] INFO Updated 120TPGPG-Invesco India ELSS Tax Saver Fund: code=104636, nav=106.77, date=2026-04-02
[2026-04-04 09:57:19] INFO Updated 120GFD1G-Invesco India Large & Mid Cap Fund: code=120357, nav=105.45, date=2026-04-02
[2026-04-04 09:57:19] INFO Updated 105BADGG-JM Value Fund: code=120486, nav=93.4893, date=2026-04-02
[2026-04-04 09:57:19] INFO Updated K123D-Kotak Midcap Fund: code=119775, nav=144.661, date=2026-04-02
[2026-04-04 09:57:19] INFO Updated K144-Kotak ELSS Tax Saver Fund: code=103339, nav=104.243, date=2026-04-02
[2026-04-04 09:57:19] INFO Updated 117IOD1G-Mirae Asset Large Cap Fund: code=118825, nav=115.637, date=2026-04-02
[2026-04-04 09:57:19] INFO Updated 127NTGDG-Motilal Oswal Nifty 500 Index Fund: code=147625, nav=24.3448, date=2026-04-02
[2026-04-04 09:57:19] INFO Updated 127CPGDG-Motilal Oswal Flexi Cap Fund: code=129046, nav=58.1973, date=2026-04-02
[2026-04-04 09:57:19] INFO Updated 127MFGDG-Motilal Oswal Focused Fund: code=122389, nav=47.1753, date=2026-04-02
[2026-04-04 09:57:19] INFO Updated RMFEAAGG-NIPPON INDIA LARGE CAP FUND: code=118632, nav=93.2361, date=2026-04-02
[2026-04-04 09:57:19] INFO Updated RMFSCAGG-NIPPON INDIA SMALL CAP FUND: code=118778, nav=169.9426, date=2026-04-02
[2026-04-04 09:57:19] INFO Updated PP001ZG-Parag Parikh Flexi Cap Fund: code=122639, nav=86.5155, date=2026-04-02
[2026-04-04 09:57:19] INFO Updated PPLCFGZ-Parag Parikh Large Cap Fund: code=154155, nav=8.8744, date=2026-04-02
[2026-04-04 09:57:19] INFO Updated 166GFDGG-quant Multi Cap Fund: code=120823, nav=607.0919, date=2026-04-02
[2026-04-04 09:57:19] INFO Updated 123EFGPG-Quantum Value Fund: code=103490, nav=116.66, date=2026-04-02
[2026-04-04 09:57:19] INFO Updated L036G-SBI Contra Fund: code=102414, nav=352.2789, date=2026-04-02
[2026-04-04 09:57:19] INFO Updated LD81G-SBI Focused Fund: code=119727, nav=386.4838, date=2026-04-02
[2026-04-04 09:57:19] INFO Updated L081G-SBI Focused Fund: code=102756, nav=342.3388, date=2026-04-02
[2026-04-04 09:57:19] INFO Updated L103G-SBI Large Cap Fund: code=103504, nav=85.2286, date=2026-04-02
[2026-04-04 09:57:19] INFO Updated 176TFGP-SUNDARAM ELSS TAX SAVER FUND: code=149569, nav=461.3863, date=2026-04-02
[2026-04-04 09:57:19] INFO Updated 176MCDG-SUNDARAM MID CAP FUND: code=119581, nav=1419.5578, date=2026-04-02
[2026-04-04 09:57:19] INFO Updated 176DEGP-SUNDARAM VALUE FUND: code=101853, nav=198.9848, date=2026-04-02
[2026-04-04 09:57:19] INFO Updated 176NHZG-SUNDARAM NIFTY 100 EQUAL WEIGHT FUND: code=149483, nav=170.8647, date=2026-04-02
[2026-04-04 09:57:19] WARN ISIN not found: INF277K01I60 - Payout (TTSF-Tata ELSS Fund)
[2026-04-04 09:57:19] INFO Updated 108ETGPG-UTI ELSS Tax Saver Fund: code=100821, nav=183.7742, date=2026-04-02
[2026-04-04 09:57:19] INFO Updated 108NID2G-UTI Nifty 50 Index Fund: code=120716, nav=158.7789, date=2026-04-02
[2026-04-04 09:57:19] INFO Updated 108NYG1G-UTI Nifty Next 50 Index Fund: code=143341, nav=22.9552, date=2026-04-02
[2026-04-04 09:58:07] INFO Source: NAVAll.txt (portal.amfiindia.com)
[2026-04-04 09:58:08] INFO Updated B02G-Aditya Birla Sun Life ELSS Tax Saver Fund: code=107745, nav=55.54, date=2026-04-02
[2026-04-04 09:58:08] INFO Updated G223-Bandhan ELSS Tax saver Fund: code=111569, nav=140.349, date=2026-04-02
[2026-04-04 09:58:08] INFO Updated GD201-Bandhan Large & Mid Cap Fund: code=118419, nav=147.419, date=2026-04-02
[2026-04-04 09:58:08] INFO Updated GD201-Bandhan Large & Mid Cap Fund: code=111709, nav=160.5, date=2026-04-02
[2026-04-04 09:58:08] INFO Updated 101EQDGG-Canara Robeco Large and Mid Cap Fund: code=118278, nav=258.99, date=2026-04-02
[2026-04-04 09:58:08] INFO Updated 183FCDGG-Capitalmind Flexi Cap Fund: code=153738, nav=9.569, date=2026-04-02
[2026-04-04 09:58:08] INFO Updated D110-DSP ELSS Tax Saver Fund: code=104772, nav=126.617, date=2026-04-02
[2026-04-04 09:58:08] WARN ISIN not found:  (FTI417-Franklin India Mid Cap FUND)
[2026-04-04 09:58:08] INFO Updated FTI034-Franklin India ELSS Tax Saver Fund: code=100526, nav=1317.8032, date=2026-04-02
[2026-04-04 09:58:08] INFO Updated FTI419-Franklin India Large Cap FUND: code=118531, nav=1041.1098, date=2026-04-02
[2026-04-04 09:58:08] INFO Updated FTI425-Franklin INDIA OPPORTUNITIES FUND: code=118539, nav=252.8426, date=2026-04-02
[2026-04-04 09:58:08] INFO Updated FTI413-Franklin India Technology Fund: code=118537, nav=482.388, date=2026-04-02
[2026-04-04 09:58:08] INFO Updated H02T-HDFC Flexi Cap Fund: code=118955, nav=2030.109, date=2026-04-02
[2026-04-04 09:58:08] INFO Updated H02T-HDFC Flexi Cap Fund: code=101979, nav=1271.954, date=2026-04-02
[2026-04-04 09:58:08] INFO Updated H44-HDFC Large Cap Fund: code=102000, nav=1030.882, date=2026-04-02
[2026-04-04 09:58:08] INFO Updated H44T-HDFC Large Cap Fund: code=119018, nav=1119.715, date=2026-04-02
[2026-04-04 09:58:08] WARN ISIN not found: INF179K01YC8 (H22T-HDFC Prudence Fund)
[2026-04-04 09:58:08] INFO Updated HMCOGT-HDFC Mid Cap Fund: code=118989, nav=202.243, date=2026-04-02
[2026-04-04 09:58:08] WARN ISIN not found: INF179K01AV8 (H22-HDFC Prudence Fund)
[2026-04-04 09:58:08] INFO Updated OFTAFG-HSBC ELSS Tax Saver Fund: code=151076, nav=122.4221, date=2026-04-02
[2026-04-04 09:58:08] INFO Updated O17D-HSBC Midcap Fund: code=151036, nav=422.8956, date=2026-04-02
[2026-04-04 09:58:08] INFO Updated P8176-ICICI Prudential Value Fund: code=120323, nav=485.97, date=2026-04-02
[2026-04-04 09:58:08] INFO Updated P01-ICICI Prudential ELSS Tax Saver Fund: code=100354, nav=858.8, date=2026-04-02
[2026-04-04 09:58:08] INFO Updated P9453-ICICI Prudential India Opportunities Fund: code=145897, nav=37.15, date=2026-04-02
[2026-04-04 09:58:08] WARN ISIN not found: INF109K011O (P8002-ICICI Prudential Large & Mid Cap Fund)
[2026-04-04 09:58:08] INFO Updated PDFG-ICICI Prudential Value Fund: code=102594, nav=440.64, date=2026-04-02
[2026-04-04 09:58:08] INFO Updated P8107-ICICI Prudential Nifty Next 50 Index Fund: code=120684, nav=57.5496, date=2026-04-02
[2026-04-04 09:58:08] INFO Updated 120TPGPG-Invesco India ELSS Tax Saver Fund: code=104636, nav=106.77, date=2026-04-02
[2026-04-04 09:58:08] INFO Updated 120GFD1G-Invesco India Large & Mid Cap Fund: code=120357, nav=105.45, date=2026-04-02
[2026-04-04 09:58:08] INFO Updated 105BADGG-JM Value Fund: code=120486, nav=93.4893, date=2026-04-02
[2026-04-04 09:58:08] INFO Updated K123D-Kotak Midcap Fund: code=119775, nav=144.661, date=2026-04-02
[2026-04-04 09:58:08] INFO Updated K144-Kotak ELSS Tax Saver Fund: code=103339, nav=104.243, date=2026-04-02
[2026-04-04 09:58:08] INFO Updated 117IOD1G-Mirae Asset Large Cap Fund: code=118825, nav=115.637, date=2026-04-02
[2026-04-04 09:58:08] INFO Updated 127NTGDG-Motilal Oswal Nifty 500 Index Fund: code=147625, nav=24.3448, date=2026-04-02
[2026-04-04 09:58:08] INFO Updated 127CPGDG-Motilal Oswal Flexi Cap Fund: code=129046, nav=58.1973, date=2026-04-02
[2026-04-04 09:58:08] INFO Updated 127MFGDG-Motilal Oswal Focused Fund: code=122389, nav=47.1753, date=2026-04-02
[2026-04-04 09:58:08] INFO Updated RMFEAAGG-NIPPON INDIA LARGE CAP FUND: code=118632, nav=93.2361, date=2026-04-02
[2026-04-04 09:58:08] INFO Updated RMFSCAGG-NIPPON INDIA SMALL CAP FUND: code=118778, nav=169.9426, date=2026-04-02
[2026-04-04 09:58:08] INFO Updated PP001ZG-Parag Parikh Flexi Cap Fund: code=122639, nav=86.5155, date=2026-04-02
[2026-04-04 09:58:08] INFO Updated PPLCFGZ-Parag Parikh Large Cap Fund: code=154155, nav=8.8744, date=2026-04-02
[2026-04-04 09:58:08] INFO Updated 166GFDGG-quant Multi Cap Fund: code=120823, nav=607.0919, date=2026-04-02
[2026-04-04 09:58:08] INFO Updated 123EFGPG-Quantum Value Fund: code=103490, nav=116.66, date=2026-04-02
[2026-04-04 09:58:08] INFO Updated L036G-SBI Contra Fund: code=102414, nav=352.2789, date=2026-04-02
[2026-04-04 09:58:08] INFO Updated LD81G-SBI Focused Fund: code=119727, nav=386.4838, date=2026-04-02
[2026-04-04 09:58:08] INFO Updated L081G-SBI Focused Fund: code=102756, nav=342.3388, date=2026-04-02
[2026-04-04 09:58:08] INFO Updated L103G-SBI Large Cap Fund: code=103504, nav=85.2286, date=2026-04-02
[2026-04-04 09:58:08] INFO Updated 176TFGP-SUNDARAM ELSS TAX SAVER FUND: code=149569, nav=461.3863, date=2026-04-02
[2026-04-04 09:58:08] INFO Updated 176MCDG-SUNDARAM MID CAP FUND: code=119581, nav=1419.5578, date=2026-04-02
[2026-04-04 09:58:08] INFO Updated 176DEGP-SUNDARAM VALUE FUND: code=101853, nav=198.9848, date=2026-04-02
[2026-04-04 09:58:08] INFO Updated 176NHZG-SUNDARAM NIFTY 100 EQUAL WEIGHT FUND: code=149483, nav=170.8647, date=2026-04-02
[2026-04-04 09:58:08] WARN ISIN not found: INF277K01I60 - Payout (TTSF-Tata ELSS Fund)
[2026-04-04 09:58:08] INFO Updated 108ETGPG-UTI ELSS Tax Saver Fund: code=100821, nav=183.7742, date=2026-04-02
[2026-04-04 09:58:08] INFO Updated 108NID2G-UTI Nifty 50 Index Fund: code=120716, nav=158.7789, date=2026-04-02
[2026-04-04 09:58:08] INFO Updated 108NYG1G-UTI Nifty Next 50 Index Fund: code=143341, nav=22.9552, date=2026-04-02
[2026-04-04 12:13:05] INFO Source: NAVAll.txt (portal.amfiindia.com)
[2026-04-04 12:13:06] INFO Updated B02G-Aditya Birla Sun Life ELSS Tax Saver Fund: code=107745, nav=55.54, date=2026-04-02
[2026-04-04 12:13:06] INFO Updated G223-Bandhan ELSS Tax saver Fund: code=111569, nav=140.349, date=2026-04-02
[2026-04-04 12:13:06] INFO Updated GD201-Bandhan Large & Mid Cap Fund: code=118419, nav=147.419, date=2026-04-02
[2026-04-04 12:13:06] INFO Updated GD201-Bandhan Large & Mid Cap Fund: code=111709, nav=160.5, date=2026-04-02
[2026-04-04 12:13:06] INFO Updated 101EQDGG-Canara Robeco Large and Mid Cap Fund: code=118278, nav=258.99, date=2026-04-02
[2026-04-04 12:13:06] INFO Updated 183FCDGG-Capitalmind Flexi Cap Fund: code=153738, nav=9.569, date=2026-04-02
[2026-04-04 12:13:06] INFO Updated D110-DSP ELSS Tax Saver Fund: code=104772, nav=126.617, date=2026-04-02
[2026-04-04 12:13:06] WARN ISIN not found:  (FTI417-Franklin India Mid Cap FUND)
[2026-04-04 12:13:06] INFO Updated FTI034-Franklin India ELSS Tax Saver Fund: code=100526, nav=1317.8032, date=2026-04-02
[2026-04-04 12:13:06] INFO Updated FTI419-Franklin India Large Cap FUND: code=118531, nav=1041.1098, date=2026-04-02
[2026-04-04 12:13:06] INFO Updated FTI425-Franklin INDIA OPPORTUNITIES FUND: code=118539, nav=252.8426, date=2026-04-02
[2026-04-04 12:13:06] INFO Updated FTI413-Franklin India Technology Fund: code=118537, nav=482.388, date=2026-04-02
[2026-04-04 12:13:06] INFO Updated H02T-HDFC Flexi Cap Fund: code=118955, nav=2030.109, date=2026-04-02
[2026-04-04 12:13:06] INFO Updated H02T-HDFC Flexi Cap Fund: code=101979, nav=1271.954, date=2026-04-02
[2026-04-04 12:13:06] INFO Updated H44-HDFC Large Cap Fund: code=102000, nav=1030.882, date=2026-04-02
[2026-04-04 12:13:06] INFO Updated H44T-HDFC Large Cap Fund: code=119018, nav=1119.715, date=2026-04-02
[2026-04-04 12:13:06] WARN ISIN not found: INF179K01YC8 (H22T-HDFC Prudence Fund)
[2026-04-04 12:13:06] INFO Updated HMCOGT-HDFC Mid Cap Fund: code=118989, nav=202.243, date=2026-04-02
[2026-04-04 12:13:06] WARN ISIN not found: INF179K01AV8 (H22-HDFC Prudence Fund)
[2026-04-04 12:13:06] INFO Updated OFTAFG-HSBC ELSS Tax Saver Fund: code=151076, nav=122.4221, date=2026-04-02
[2026-04-04 12:13:06] INFO Updated O17D-HSBC Midcap Fund: code=151036, nav=422.8956, date=2026-04-02
[2026-04-04 12:13:06] INFO Updated P8176-ICICI Prudential Value Fund: code=120323, nav=485.97, date=2026-04-02
[2026-04-04 12:13:06] INFO Updated P01-ICICI Prudential ELSS Tax Saver Fund: code=100354, nav=858.8, date=2026-04-02
[2026-04-04 12:13:06] INFO Updated P9453-ICICI Prudential India Opportunities Fund: code=145897, nav=37.15, date=2026-04-02
[2026-04-04 12:13:06] WARN ISIN not found: INF109K011O (P8002-ICICI Prudential Large & Mid Cap Fund)
[2026-04-04 12:13:06] INFO Updated PDFG-ICICI Prudential Value Fund: code=102594, nav=440.64, date=2026-04-02
[2026-04-04 12:13:06] INFO Updated P8107-ICICI Prudential Nifty Next 50 Index Fund: code=120684, nav=57.5496, date=2026-04-02
[2026-04-04 12:13:06] INFO Updated 120TPGPG-Invesco India ELSS Tax Saver Fund: code=104636, nav=106.77, date=2026-04-02
[2026-04-04 12:13:06] INFO Updated 120GFD1G-Invesco India Large & Mid Cap Fund: code=120357, nav=105.45, date=2026-04-02
[2026-04-04 12:13:06] INFO Updated 105BADGG-JM Value Fund: code=120486, nav=93.4893, date=2026-04-02
[2026-04-04 12:13:06] INFO Updated K123D-Kotak Midcap Fund: code=119775, nav=144.661, date=2026-04-02
[2026-04-04 12:13:06] INFO Updated K144-Kotak ELSS Tax Saver Fund: code=103339, nav=104.243, date=2026-04-02
[2026-04-04 12:13:06] INFO Updated 117IOD1G-Mirae Asset Large Cap Fund: code=118825, nav=115.637, date=2026-04-02
[2026-04-04 12:13:06] INFO Updated 127NTGDG-Motilal Oswal Nifty 500 Index Fund: code=147625, nav=24.3448, date=2026-04-02
[2026-04-04 12:13:06] INFO Updated 127CPGDG-Motilal Oswal Flexi Cap Fund: code=129046, nav=58.1973, date=2026-04-02
[2026-04-04 12:13:06] INFO Updated 127MFGDG-Motilal Oswal Focused Fund: code=122389, nav=47.1753, date=2026-04-02
[2026-04-04 12:13:06] INFO Updated RMFEAAGG-NIPPON INDIA LARGE CAP FUND: code=118632, nav=93.2361, date=2026-04-02
[2026-04-04 12:13:06] INFO Updated RMFSCAGG-NIPPON INDIA SMALL CAP FUND: code=118778, nav=169.9426, date=2026-04-02
[2026-04-04 12:13:06] INFO Updated PP001ZG-Parag Parikh Flexi Cap Fund: code=122639, nav=86.5155, date=2026-04-02
[2026-04-04 12:13:06] INFO Updated PPLCFGZ-Parag Parikh Large Cap Fund: code=154155, nav=8.8744, date=2026-04-02
[2026-04-04 12:13:06] INFO Updated 166GFDGG-quant Multi Cap Fund: code=120823, nav=607.0919, date=2026-04-02
[2026-04-04 12:13:06] INFO Updated 123EFGPG-Quantum Value Fund: code=103490, nav=116.66, date=2026-04-02
[2026-04-04 12:13:06] INFO Updated L036G-SBI Contra Fund: code=102414, nav=352.2789, date=2026-04-02
[2026-04-04 12:13:06] INFO Updated LD81G-SBI Focused Fund: code=119727, nav=386.4838, date=2026-04-02
[2026-04-04 12:13:06] INFO Updated L081G-SBI Focused Fund: code=102756, nav=342.3388, date=2026-04-02
[2026-04-04 12:13:06] INFO Updated L103G-SBI Large Cap Fund: code=103504, nav=85.2286, date=2026-04-02
[2026-04-04 12:13:06] INFO Updated 176TFGP-SUNDARAM ELSS TAX SAVER FUND: code=149569, nav=461.3863, date=2026-04-02
[2026-04-04 12:13:06] INFO Updated 176MCDG-SUNDARAM MID CAP FUND: code=119581, nav=1419.5578, date=2026-04-02
[2026-04-04 12:13:06] INFO Updated 176DEGP-SUNDARAM VALUE FUND: code=101853, nav=198.9848, date=2026-04-02
[2026-04-04 12:13:06] INFO Updated 176NHZG-SUNDARAM NIFTY 100 EQUAL WEIGHT FUND: code=149483, nav=170.8647, date=2026-04-02
[2026-04-04 12:13:06] WARN ISIN not found: INF277K01I60 - Payout (TTSF-Tata ELSS Fund)
[2026-04-04 12:13:06] INFO Updated 108ETGPG-UTI ELSS Tax Saver Fund: code=100821, nav=183.7742, date=2026-04-02
[2026-04-04 12:13:06] INFO Updated 108NID2G-UTI Nifty 50 Index Fund: code=120716, nav=158.7789, date=2026-04-02
[2026-04-04 12:13:06] INFO Updated 108NYG1G-UTI Nifty Next 50 Index Fund: code=143341, nav=22.9552, date=2026-04-02
