[2026-04-04 07:52:20] [INFO] [APP] Application started, database initialized
[2026-04-04 07:54:01] [INFO] [NAV] NAV update complete: 0 funds updated
[2026-04-04 07:54:03] [INFO] [NAV] NAV update complete: 0 funds updated
[2026-04-04 07:54:03] [INFO] [NAV] NAV update complete: 0 funds updated
[2026-04-04 08:08:36] [INFO] [APP] Application started, database initialized
[2026-04-04 08:09:12] [INFO] [NAV] NAV update complete: 0 funds updated, 54 errors
[2026-04-04 08:42:27] [INFO] [APP] Application started, database initialized
[2026-04-04 08:59:46] [INFO] [APP] Application started, database initialized
[2026-04-04 09:26:31] [INFO] [APP] Application started, database initialized
[2026-04-04 09:33:34] [INFO] [APP] Application started, database initialized
[2026-04-04 09:49:14] [INFO] [APP] Application started, database initialized
[2026-04-04 09:56:40] [INFO] [APP] Application started, database initialized
[2026-04-04 12:12:52] [INFO] [APP] Application started, database initialized
[2026-04-04 12:23:26] [INFO] [APP] Application started, database initialized
[2026-04-04 12:34:11] [INFO] [DB] Migrating data to new nav_history schema
[2026-04-04 12:34:11] [INFO] [DB] Migrating data to benchmark_history
[2026-04-04 12:34:11] [INFO] [APP] Application started, database initialized
[2026-04-04 12:35:11] [INFO] [DB] Migrating data to new nav_history schema
[2026-04-04 12:35:11] [INFO] [DB] Migrating data to benchmark_history
[2026-04-04 12:35:11] [INFO] [APP] Application started, database initialized
