[2026-04-03 22:05:22] [INFO] [APP] Application started, database initialized
[2026-04-03 22:18:40] [INFO] [DB] Migrating portfolio_assets to new schema
[2026-04-03 22:18:40] [INFO] [APP] Application started, database initialized
[2026-04-03 22:19:06] [ERROR] [BENCHMARK] Failed to fetch benchmark Nifty 50: Error: Call `const yahooFinance = new YahooFinance()` first.  Upgrading from v2?  See https://github.com/gadicc/yahoo-finance2/blob/dev/docs/UPGRADING.md.
[2026-04-03 22:19:06] [ERROR] [BENCHMARK] Failed to fetch benchmark Nifty 50 TRI: Error: Call `const yahooFinance = new YahooFinance()` first.  Upgrading from v2?  See https://github.com/gadicc/yahoo-finance2/blob/dev/docs/UPGRADING.md.
[2026-04-03 22:19:06] [ERROR] [BENCHMARK] Failed to fetch benchmark Sensex: Error: Call `const yahooFinance = new YahooFinance()` first.  Upgrading from v2?  See https://github.com/gadicc/yahoo-finance2/blob/dev/docs/UPGRADING.md.
[2026-04-03 22:19:06] [ERROR] [BENCHMARK] Failed to fetch benchmark Nifty Next 50: Error: Call `const yahooFinance = new YahooFinance()` first.  Upgrading from v2?  See https://github.com/gadicc/yahoo-finance2/blob/dev/docs/UPGRADING.md.
[2026-04-03 22:19:06] [ERROR] [BENCHMARK] Failed to fetch benchmark Nifty Midcap 150: Error: Call `const yahooFinance = new YahooFinance()` first.  Upgrading from v2?  See https://github.com/gadicc/yahoo-finance2/blob/dev/docs/UPGRADING.md.
[2026-04-03 22:19:06] [ERROR] [BENCHMARK] Failed to fetch benchmark Nifty Smallcap 250: Error: Call `const yahooFinance = new YahooFinance()` first.  Upgrading from v2?  See https://github.com/gadicc/yahoo-finance2/blob/dev/docs/UPGRADING.md.
[2026-04-03 22:19:06] [ERROR] [BENCHMARK] Failed to fetch benchmark Nifty Low Volatility 30: Error: Call `const yahooFinance = new YahooFinance()` first.  Upgrading from v2?  See https://github.com/gadicc/yahoo-finance2/blob/dev/docs/UPGRADING.md.
[2026-04-03 22:19:06] [ERROR] [BENCHMARK] Failed to fetch benchmark Nifty Alpha 50: Error: Call `const yahooFinance = new YahooFinance()` first.  Upgrading from v2?  See https://github.com/gadicc/yahoo-finance2/blob/dev/docs/UPGRADING.md.
[2026-04-03 22:19:06] [INFO] [BENCHMARK] Benchmark update complete: 0 benchmarks updated
[2026-04-03 22:23:43] [INFO] [APP] Application started, database initialized
[2026-04-03 22:31:44] [INFO] [APP] Application started, database initialized
[2026-04-03 22:40:38] [INFO] [APP] Application started, database initialized
[2026-04-03 22:47:41] [INFO] [APP] Application started, database initialized
[2026-04-03 22:54:35] [INFO] [APP] Application started, database initialized
[2026-04-03 22:55:31] [INFO] [NAV] NAV update complete: 0 funds updated
[2026-04-03 22:55:32] [INFO] [NAV] NAV update complete: 0 funds updated
[2026-04-03 22:55:33] [INFO] [NAV] NAV update complete: 0 funds updated
[2026-04-03 23:03:29] [INFO] [APP] Application started, database initialized
