[2026-04-09 01:26:21] [INFO] [NAV] Source: NAVAll.txt (portal.amfiindia.com)
[2026-04-09 01:26:23] [INFO] [NAV] Starting AMFI refresh: 57 funds to process
[2026-04-09 01:26:23] [INFO] [NAV] Updated B02G-Aditya Birla Sun Life ELSS Tax Saver Fund- (ELSS U/S 80C of IT ACT) - Growth-Regular Plan (Non-Demat) (INF209K01108): amfi_code=107745 nav=58.35 date=2026-04-09
[2026-04-09 01:26:23] [INFO] [NAV] Updated G223-Bandhan ELSS Tax saver Fund-Regular Plan-Growth (Non-Demat) (INF194K01292): amfi_code=111569 nav=146.892 date=2026-04-09
[2026-04-09 01:26:23] [INFO] [NAV] Updated GD201-Bandhan Large & Mid Cap Fund-Direct Plan-Growth ( Formerly Known as Bandhan Core Equity Fund-Direct Plan-Growth) (Non-Demat) (INF194K01V89): amfi_code=118419 nav=154.35 date=2026-04-09
[2026-04-09 01:26:23] [INFO] [NAV] Updated 116TAEGG-Bank of India ELSS Tax Saver - Eco Plan - Growth (INF761K01157): amfi_code=111709 nav=168.74 date=2026-04-09
[2026-04-09 01:26:23] [INFO] [NAV] Updated 101EQDGG-Canara Robeco Large and Mid Cap Fund - Direct Growth (INF760K01EI4): amfi_code=118278 nav=271.76 date=2026-04-09
[2026-04-09 01:26:23] [INFO] [NAV] Updated 183FCDGG-Capitalmind Flexi Cap Fund - Direct (INF226401018): amfi_code=153738 nav=9.8856 date=2026-04-09
[2026-04-09 01:26:23] [INFO] [NAV] Updated D110-DSP ELSS Tax Saver Fund - Regular Plan - Growth (Non-Demat) (INF740K01185): amfi_code=104772 nav=133.552 date=2026-04-09
[2026-04-09 01:26:23] [INFO] [NAV] Updated FTI417-Franklin India Mid Cap FUND - Direct Plan - Growth (erstwhile Franklin India PRIMA FUND - Direct Plan - Growth) (Non-Demat) (INF090I01FH9): amfi_code=118533 nav=2900.2725 date=2026-04-09
[2026-04-09 01:26:23] [INFO] [NAV] Updated FTI034-Franklin India ELSS Tax Saver Fund - Growth (Non-Demat) (INF090I01775): amfi_code=100526 nav=1377.5196 date=2026-04-09
[2026-04-09 01:26:23] [INFO] [NAV] Updated FTI419-Franklin India Large Cap FUND - Direct Plan - Growth (erstwhile Franklin India BLUCHIP FUND - Direct Plan - Growth) (Non-Demat) (INF090I01FN7): amfi_code=118531 nav=1094.8863 date=2026-04-08
[2026-04-09 01:26:23] [INFO] [NAV] Updated FTI425-Franklin INDIA OPPORTUNITIES FUND - Direct Plan - Growth (Non-Demat) (INF090I01GC8): amfi_code=118539 nav=266.8384 date=2026-04-08
[2026-04-09 01:26:23] [INFO] [NAV] Updated FTI413-Franklin India Technology Fund - Direct Plan - Growth (Non-Demat) (INF090I01FE6): amfi_code=118537 nav=499.4385 date=2026-04-08
[2026-04-09 01:26:23] [INFO] [NAV] Updated H02T-HDFC Flexi Cap Fund - Direct Plan - Growth Option (Non-Demat) (INF179K01UT0): amfi_code=118955 nav=2131.942 date=2026-04-09
[2026-04-09 01:26:23] [INFO] [NAV] Updated H32-HDFC ELSS Tax saver - Regular Plan - Growth (Non-Demat) (INF179K01BB8): amfi_code=101979 nav=1334.592 date=2026-04-09
[2026-04-09 01:26:23] [INFO] [NAV] Updated H44-HDFC Large Cap Fund - Regular Plan - Growth (formerly HDFC Top 100 Fund) (Non-Demat) (INF179K01BE2): amfi_code=102000 nav=1080.68 date=2026-04-09
[2026-04-09 01:26:23] [INFO] [NAV] Updated H44T-HDFC Large Cap Fund - Direct Plan - Growth Option (formerly HDFC Top 100 Fund) (Non-Demat) (INF179K01YV8): amfi_code=119018 nav=1173.929 date=2026-04-09
[2026-04-09 01:26:23] [WARN] [NAV] ISIN not found in NAVAll.txt: INF179K01YC8 (H22T-HDFC Prudence Fund - Direct Plan - Growth Option (Non-Demat))
[2026-04-09 01:26:23] [INFO] [NAV] Updated HMCOGT-HDFC Mid Cap Fund - Direct Plan - Growth Option (Non-Demat) (INF179K01XQ0): amfi_code=118989 nav=212.58 date=2026-04-09
[2026-04-09 01:26:23] [WARN] [NAV] ISIN not found in NAVAll.txt: INF179K01AV8 (H22-HDFC Prudence Fund - Regular Plan - Growth (Non-Demat))
[2026-04-09 01:26:23] [INFO] [NAV] Updated OFTAFG-HSBC ELSS Tax Saver Fund - Regular Growth (Formerly known as L&T Tax Advantage Fund - Growth) (Non-Demat) (INF677K01064): amfi_code=151076 nav=128.7287 date=2026-04-09
[2026-04-09 01:26:23] [INFO] [NAV] Updated O17D-HSBC Midcap Fund - Direct Growth (Formerly known as L&T Midcap Fund Direct Plan - Growth ) (Non-Demat) (INF917K01FZ1): amfi_code=151036 nav=447.662 date=2026-04-09
[2026-04-09 01:26:23] [INFO] [NAV] Updated P8176-ICICI Prudential Value Fund (erstwhile Value Discovery Fund) - Direct Plan - Growth (Non-Demat) (INF109K012K1): amfi_code=120323 nav=505.28 date=2026-04-09
[2026-04-09 01:26:23] [INFO] [NAV] Updated P01-ICICI Prudential ELSS Tax Saver Fund - Growth (Non-Demat) (INF109K01464): amfi_code=100354 nav=898.46 date=2026-04-09
[2026-04-09 01:26:23] [INFO] [NAV] Updated P9453-ICICI Prudential India Opportunities Fund Direct Plan Growth (Non-Demat) (INF109KC1RH9): amfi_code=145897 nav=38.76 date=2026-04-09
[2026-04-09 01:26:23] [INFO] [NAV] Updated P8002-ICICI Prudential Large & Mid Cap Fund - Direct Plan - Growth (formerly ICICI Prudential Top 100 Fund) (Non-Demat) (INF109K011O5): amfi_code=120596 nav=1104.44 date=2026-04-09
[2026-04-09 01:26:23] [INFO] [NAV] Updated PDFG-ICICI Prudential Value Fund (erstwhile Value Discovery Fund) - Growth (Non-Demat) (INF109K01AF8): amfi_code=102594 nav=458.1 date=2026-04-09
[2026-04-09 01:26:23] [INFO] [NAV] Updated P8107-ICICI Prudential Nifty Next 50 Index Fund - Direct Plan - Growth (Non-Demat) (INF109K01Y80): amfi_code=120684 nav=61.5473 date=2026-04-09
[2026-04-09 01:26:23] [INFO] [NAV] Updated 120TPGPG-Invesco India ELSS Tax Saver Fund - Regular Plan Growth (INF205K01270): amfi_code=104636 nav=112.54 date=2026-04-09
[2026-04-09 01:26:23] [INFO] [NAV] Updated 120GFD1G-Invesco India Large & Mid Cap Fund - Direct Plan Growth (INF205K01MA0): amfi_code=120357 nav=112.31 date=2026-04-09
[2026-04-09 01:26:23] [INFO] [NAV] Updated 105BADGG-JM Value Fund - (Direct) - Growth Option (INF192K01BT3): amfi_code=120486 nav=98.9864 date=2026-04-09
[2026-04-09 01:26:23] [INFO] [NAV] Updated K123D-Kotak Midcap Fund- Direct Plan - Growth (Erstwhile Kotak Emerging Equity Scheme) (Non-Demat) (INF174K01LT0): amfi_code=119775 nav=152.88 date=2026-04-09
[2026-04-09 01:26:23] [INFO] [NAV] Updated K144-Kotak ELSS Tax Saver Fund - Growth (Regular Plan) (Non-Demat) (INF174K01369): amfi_code=103339 nav=109.438 date=2026-04-09
[2026-04-09 01:26:23] [INFO] [NAV] Updated 117IOD1G-Mirae Asset Large Cap Fund - Direct Plan (INF769K01AX2): amfi_code=118825 nav=121.164 date=2026-04-09
[2026-04-09 01:26:23] [INFO] [NAV] Updated 127NTGDG-Motilal Oswal Nifty 500 Index Fund - Direct Growth (INF247L01957): amfi_code=147625 nav=25.6214 date=2026-04-09
[2026-04-09 01:26:23] [INFO] [NAV] Updated 127CPGDG-Motilal Oswal Flexi Cap Fund - Direct Plan Growth (INF247L01502): amfi_code=129046 nav=61.0951 date=2026-04-09
[2026-04-09 01:26:23] [INFO] [NAV] Updated 127MFGDG-Motilal Oswal Focused Fund - Direct Plan Growth (INF247L01189): amfi_code=122389 nav=49.6327 date=2026-04-09
[2026-04-09 01:26:23] [INFO] [NAV] Updated RMFBFGPG-NIPPON INDIA BANKING & FINANCIAL SERVICES FUND - GROWTH PLAN (INF204K01927): amfi_code=101862 nav=613.6957 date=2026-04-09
[2026-04-09 01:26:23] [INFO] [NAV] Updated RMFTSGPG-NIPPON INDIA ELSS TAX SAVER FUND - GROWTH PLAN - GROWTH OPTION (INF204K01GK4): amfi_code=103196 nav=124.4787 date=2026-04-09
[2026-04-09 01:26:23] [INFO] [NAV] Updated RMFGFGPG-NIPPON INDIA GROWTH MID CAP FUND - GROWTH PLAN GROWTH OPTION (INF204K01323): amfi_code=100377 nav=4112.0823 date=2026-04-09
[2026-04-09 01:26:23] [INFO] [NAV] Updated RMFEAAGG-NIPPON INDIA LARGE CAP FUND - DIRECT GROWTH PLAN GROWTH OPTION (INF204K01XI3): amfi_code=118632 nav=97.4948 date=2026-04-09
[2026-04-09 01:26:23] [INFO] [NAV] Updated RMFSCAGG-NIPPON INDIA SMALL CAP FUND - DIRECT GROWTH PLAN GROWTH OPTION (INF204K01K15): amfi_code=118778 nav=178.0416 date=2026-04-09
[2026-04-09 01:26:23] [INFO] [NAV] Updated PP001ZG-Parag Parikh Flexi Cap Fund - Direct Plan Growth (formerly Parag Parikh Long Term Value Fund) (Non-Demat) (INF879O01027): amfi_code=122639 nav=90.1325 date=2026-04-08
[2026-04-09 01:26:23] [INFO] [NAV] Updated PPLCFGZ-Parag Parikh Large Cap Fund - Direct Plan Growth (Non-Demat) (INF879O01332): amfi_code=154155 nav=9.3201 date=2026-04-09
[2026-04-09 01:26:23] [INFO] [NAV] Updated 166GFDGG-quant Multi Cap Fund - Direct Plan (INF966L01614): amfi_code=120823 nav=637.2035 date=2026-04-09
[2026-04-09 01:26:23] [INFO] [NAV] Updated 123EFGPG-Quantum Value Fund - Direct Plan Growth Option (INF082J01036): amfi_code=103490 nav=121.82 date=2026-04-09
[2026-04-09 01:26:23] [INFO] [NAV] Updated L036G-SBI Contra Fund - Regular Plan - Growth (Non-Demat) (INF200K01362): amfi_code=102414 nav=367.5133 date=2026-04-08
[2026-04-09 01:26:23] [INFO] [NAV] Updated LD81G-SBI Focused Fund - Direct Plan - Growth (formerly SBI Emerging Businesses Fund) (Non-Demat) (INF200K01RJ1): amfi_code=119727 nav=405.9895 date=2026-04-08
[2026-04-09 01:26:23] [INFO] [NAV] Updated L081G-SBI Focused Fund - Regular Plan - Growth (formerly SBI Emerging Businesses Fund) (Non-Demat) (INF200K01370): amfi_code=102756 nav=359.5703 date=2026-04-08
[2026-04-09 01:26:23] [INFO] [NAV] Updated L103G-SBI Large Cap Fund - Regular Plan - Growth (Non-Demat) (INF200K01180): amfi_code=103504 nav=89.3115 date=2026-04-09
[2026-04-09 01:26:23] [INFO] [NAV] Updated 176TFGP-SUNDARAM ELSS TAX SAVER FUND - REGULAR GROWTH (INF173K01361): amfi_code=149569 nav=482.7295 date=2026-04-09
[2026-04-09 01:26:23] [INFO] [NAV] Updated 176MCDG-SUNDARAM MID CAP FUND DIRECT GROWTH (INF903J01MJ3): amfi_code=119581 nav=1497.986 date=2026-04-09
[2026-04-09 01:26:23] [INFO] [NAV] Updated 176DEGP-SUNDARAM VALUE FUND - REGULAR GROWTH (INF903J01538): amfi_code=101853 nav=207.8446 date=2026-04-09
[2026-04-09 01:26:23] [INFO] [NAV] Updated 176NHZG-SUNDARAM NIFTY 100 EQUAL WEIGHT FUND - DIRECT GROWTH (INF173K01EZ4): amfi_code=149483 nav=181.187 date=2026-04-09
[2026-04-09 01:26:23] [INFO] [NAV] Updated TTSF-Tata ELSS Fund Regular Plan IDCW# (Non-Demat) (INF277K01I60): amfi_code=100474 nav=88.9413 date=2026-04-09
[2026-04-09 01:26:23] [INFO] [NAV] Updated 108ETGPG-UTI ELSS Tax Saver Fund - Regular Plan (INF789F01547): amfi_code=100821 nav=192.7211 date=2026-04-09
[2026-04-09 01:26:23] [INFO] [NAV] Updated 108NID2G-UTI Nifty 50 Index Fund - Direct Plan (INF789F01XA0): amfi_code=120716 nav=166.1968 date=2026-04-09
[2026-04-09 01:26:23] [INFO] [NAV] Updated 108NYG1G-UTI Nifty Next 50 Index Fund - Direct Plan (INF789FC12T1): amfi_code=143341 nav=24.5497 date=2026-04-09
[2026-04-09 01:26:23] [INFO] [NAV] COMPLETE amfi-refresh: 55 updated, 2 not found, 0 errors
[2026-04-09 01:26:32] [INFO] [NAV] Starting NAV update via NAVAll.txt
[2026-04-09 01:26:33] [INFO] [NAV] Source: NAVAll.txt (portal.amfiindia.com)
[2026-04-09 01:26:34] [INFO] [NAV] Starting AMFI refresh: 57 funds to process
[2026-04-09 01:26:34] [INFO] [NAV] Updated B02G-Aditya Birla Sun Life ELSS Tax Saver Fund- (ELSS U/S 80C of IT ACT) - Growth-Regular Plan (Non-Demat) (INF209K01108): amfi_code=107745 nav=58.35 date=2026-04-09
[2026-04-09 01:26:34] [INFO] [NAV] Updated G223-Bandhan ELSS Tax saver Fund-Regular Plan-Growth (Non-Demat) (INF194K01292): amfi_code=111569 nav=146.892 date=2026-04-09
[2026-04-09 01:26:34] [INFO] [NAV] Updated GD201-Bandhan Large & Mid Cap Fund-Direct Plan-Growth ( Formerly Known as Bandhan Core Equity Fund-Direct Plan-Growth) (Non-Demat) (INF194K01V89): amfi_code=118419 nav=154.35 date=2026-04-09
[2026-04-09 01:26:34] [INFO] [NAV] Updated 116TAEGG-Bank of India ELSS Tax Saver - Eco Plan - Growth (INF761K01157): amfi_code=111709 nav=168.74 date=2026-04-09
[2026-04-09 01:26:34] [INFO] [NAV] Updated 101EQDGG-Canara Robeco Large and Mid Cap Fund - Direct Growth (INF760K01EI4): amfi_code=118278 nav=271.76 date=2026-04-09
[2026-04-09 01:26:34] [INFO] [NAV] Updated 183FCDGG-Capitalmind Flexi Cap Fund - Direct (INF226401018): amfi_code=153738 nav=9.8856 date=2026-04-09
[2026-04-09 01:26:34] [INFO] [NAV] Updated D110-DSP ELSS Tax Saver Fund - Regular Plan - Growth (Non-Demat) (INF740K01185): amfi_code=104772 nav=133.552 date=2026-04-09
[2026-04-09 01:26:34] [INFO] [NAV] Updated FTI417-Franklin India Mid Cap FUND - Direct Plan - Growth (erstwhile Franklin India PRIMA FUND - Direct Plan - Growth) (Non-Demat) (INF090I01FH9): amfi_code=118533 nav=2900.2725 date=2026-04-09
[2026-04-09 01:26:34] [INFO] [NAV] Updated FTI034-Franklin India ELSS Tax Saver Fund - Growth (Non-Demat) (INF090I01775): amfi_code=100526 nav=1377.5196 date=2026-04-09
[2026-04-09 01:26:34] [INFO] [NAV] Updated FTI419-Franklin India Large Cap FUND - Direct Plan - Growth (erstwhile Franklin India BLUCHIP FUND - Direct Plan - Growth) (Non-Demat) (INF090I01FN7): amfi_code=118531 nav=1094.8863 date=2026-04-08
[2026-04-09 01:26:34] [INFO] [NAV] Updated FTI425-Franklin INDIA OPPORTUNITIES FUND - Direct Plan - Growth (Non-Demat) (INF090I01GC8): amfi_code=118539 nav=266.8384 date=2026-04-08
[2026-04-09 01:26:34] [INFO] [NAV] Updated FTI413-Franklin India Technology Fund - Direct Plan - Growth (Non-Demat) (INF090I01FE6): amfi_code=118537 nav=499.4385 date=2026-04-08
[2026-04-09 01:26:34] [INFO] [NAV] Updated H02T-HDFC Flexi Cap Fund - Direct Plan - Growth Option (Non-Demat) (INF179K01UT0): amfi_code=118955 nav=2131.942 date=2026-04-09
[2026-04-09 01:26:34] [INFO] [NAV] Updated H32-HDFC ELSS Tax saver - Regular Plan - Growth (Non-Demat) (INF179K01BB8): amfi_code=101979 nav=1334.592 date=2026-04-09
[2026-04-09 01:26:34] [INFO] [NAV] Updated H44-HDFC Large Cap Fund - Regular Plan - Growth (formerly HDFC Top 100 Fund) (Non-Demat) (INF179K01BE2): amfi_code=102000 nav=1080.68 date=2026-04-09
[2026-04-09 01:26:34] [INFO] [NAV] Updated H44T-HDFC Large Cap Fund - Direct Plan - Growth Option (formerly HDFC Top 100 Fund) (Non-Demat) (INF179K01YV8): amfi_code=119018 nav=1173.929 date=2026-04-09
[2026-04-09 01:26:34] [WARN] [NAV] ISIN not found in NAVAll.txt: INF179K01YC8 (H22T-HDFC Prudence Fund - Direct Plan - Growth Option (Non-Demat))
[2026-04-09 01:26:34] [INFO] [NAV] Updated HMCOGT-HDFC Mid Cap Fund - Direct Plan - Growth Option (Non-Demat) (INF179K01XQ0): amfi_code=118989 nav=212.58 date=2026-04-09
[2026-04-09 01:26:34] [WARN] [NAV] ISIN not found in NAVAll.txt: INF179K01AV8 (H22-HDFC Prudence Fund - Regular Plan - Growth (Non-Demat))
[2026-04-09 01:26:34] [INFO] [NAV] Updated OFTAFG-HSBC ELSS Tax Saver Fund - Regular Growth (Formerly known as L&T Tax Advantage Fund - Growth) (Non-Demat) (INF677K01064): amfi_code=151076 nav=128.7287 date=2026-04-09
[2026-04-09 01:26:34] [INFO] [NAV] Updated O17D-HSBC Midcap Fund - Direct Growth (Formerly known as L&T Midcap Fund Direct Plan - Growth ) (Non-Demat) (INF917K01FZ1): amfi_code=151036 nav=447.662 date=2026-04-09
[2026-04-09 01:26:34] [INFO] [NAV] Updated P8176-ICICI Prudential Value Fund (erstwhile Value Discovery Fund) - Direct Plan - Growth (Non-Demat) (INF109K012K1): amfi_code=120323 nav=505.28 date=2026-04-09
[2026-04-09 01:26:34] [INFO] [NAV] Updated P01-ICICI Prudential ELSS Tax Saver Fund - Growth (Non-Demat) (INF109K01464): amfi_code=100354 nav=898.46 date=2026-04-09
[2026-04-09 01:26:34] [INFO] [NAV] Updated P9453-ICICI Prudential India Opportunities Fund Direct Plan Growth (Non-Demat) (INF109KC1RH9): amfi_code=145897 nav=38.76 date=2026-04-09
[2026-04-09 01:26:34] [INFO] [NAV] Updated P8002-ICICI Prudential Large & Mid Cap Fund - Direct Plan - Growth (formerly ICICI Prudential Top 100 Fund) (Non-Demat) (INF109K011O5): amfi_code=120596 nav=1104.44 date=2026-04-09
[2026-04-09 01:26:34] [INFO] [NAV] Updated PDFG-ICICI Prudential Value Fund (erstwhile Value Discovery Fund) - Growth (Non-Demat) (INF109K01AF8): amfi_code=102594 nav=458.1 date=2026-04-09
[2026-04-09 01:26:34] [INFO] [NAV] Updated P8107-ICICI Prudential Nifty Next 50 Index Fund - Direct Plan - Growth (Non-Demat) (INF109K01Y80): amfi_code=120684 nav=61.5473 date=2026-04-09
[2026-04-09 01:26:34] [INFO] [NAV] Updated 120TPGPG-Invesco India ELSS Tax Saver Fund - Regular Plan Growth (INF205K01270): amfi_code=104636 nav=112.54 date=2026-04-09
[2026-04-09 01:26:34] [INFO] [NAV] Updated 120GFD1G-Invesco India Large & Mid Cap Fund - Direct Plan Growth (INF205K01MA0): amfi_code=120357 nav=112.31 date=2026-04-09
[2026-04-09 01:26:34] [INFO] [NAV] Updated 105BADGG-JM Value Fund - (Direct) - Growth Option (INF192K01BT3): amfi_code=120486 nav=98.9864 date=2026-04-09
[2026-04-09 01:26:34] [INFO] [NAV] Updated K123D-Kotak Midcap Fund- Direct Plan - Growth (Erstwhile Kotak Emerging Equity Scheme) (Non-Demat) (INF174K01LT0): amfi_code=119775 nav=152.88 date=2026-04-09
[2026-04-09 01:26:34] [INFO] [NAV] Updated K144-Kotak ELSS Tax Saver Fund - Growth (Regular Plan) (Non-Demat) (INF174K01369): amfi_code=103339 nav=109.438 date=2026-04-09
[2026-04-09 01:26:34] [INFO] [NAV] Updated 117IOD1G-Mirae Asset Large Cap Fund - Direct Plan (INF769K01AX2): amfi_code=118825 nav=121.164 date=2026-04-09
[2026-04-09 01:26:34] [INFO] [NAV] Updated 127NTGDG-Motilal Oswal Nifty 500 Index Fund - Direct Growth (INF247L01957): amfi_code=147625 nav=25.6214 date=2026-04-09
[2026-04-09 01:26:34] [INFO] [NAV] Updated 127CPGDG-Motilal Oswal Flexi Cap Fund - Direct Plan Growth (INF247L01502): amfi_code=129046 nav=61.0951 date=2026-04-09
[2026-04-09 01:26:34] [INFO] [NAV] Updated 127MFGDG-Motilal Oswal Focused Fund - Direct Plan Growth (INF247L01189): amfi_code=122389 nav=49.6327 date=2026-04-09
[2026-04-09 01:26:34] [INFO] [NAV] Updated RMFBFGPG-NIPPON INDIA BANKING & FINANCIAL SERVICES FUND - GROWTH PLAN (INF204K01927): amfi_code=101862 nav=613.6957 date=2026-04-09
[2026-04-09 01:26:34] [INFO] [NAV] Updated RMFTSGPG-NIPPON INDIA ELSS TAX SAVER FUND - GROWTH PLAN - GROWTH OPTION (INF204K01GK4): amfi_code=103196 nav=124.4787 date=2026-04-09
[2026-04-09 01:26:34] [INFO] [NAV] Updated RMFGFGPG-NIPPON INDIA GROWTH MID CAP FUND - GROWTH PLAN GROWTH OPTION (INF204K01323): amfi_code=100377 nav=4112.0823 date=2026-04-09
[2026-04-09 01:26:34] [INFO] [NAV] Updated RMFEAAGG-NIPPON INDIA LARGE CAP FUND - DIRECT GROWTH PLAN GROWTH OPTION (INF204K01XI3): amfi_code=118632 nav=97.4948 date=2026-04-09
[2026-04-09 01:26:34] [INFO] [NAV] Updated RMFSCAGG-NIPPON INDIA SMALL CAP FUND - DIRECT GROWTH PLAN GROWTH OPTION (INF204K01K15): amfi_code=118778 nav=178.0416 date=2026-04-09
[2026-04-09 01:26:34] [INFO] [NAV] Updated PP001ZG-Parag Parikh Flexi Cap Fund - Direct Plan Growth (formerly Parag Parikh Long Term Value Fund) (Non-Demat) (INF879O01027): amfi_code=122639 nav=90.1325 date=2026-04-08
[2026-04-09 01:26:34] [INFO] [NAV] Updated PPLCFGZ-Parag Parikh Large Cap Fund - Direct Plan Growth (Non-Demat) (INF879O01332): amfi_code=154155 nav=9.3201 date=2026-04-09
[2026-04-09 01:26:34] [INFO] [NAV] Updated 166GFDGG-quant Multi Cap Fund - Direct Plan (INF966L01614): amfi_code=120823 nav=637.2035 date=2026-04-09
[2026-04-09 01:26:34] [INFO] [NAV] Updated 123EFGPG-Quantum Value Fund - Direct Plan Growth Option (INF082J01036): amfi_code=103490 nav=121.82 date=2026-04-09
[2026-04-09 01:26:34] [INFO] [NAV] Updated L036G-SBI Contra Fund - Regular Plan - Growth (Non-Demat) (INF200K01362): amfi_code=102414 nav=367.5133 date=2026-04-08
[2026-04-09 01:26:34] [INFO] [NAV] Updated LD81G-SBI Focused Fund - Direct Plan - Growth (formerly SBI Emerging Businesses Fund) (Non-Demat) (INF200K01RJ1): amfi_code=119727 nav=405.9895 date=2026-04-08
[2026-04-09 01:26:34] [INFO] [NAV] Updated L081G-SBI Focused Fund - Regular Plan - Growth (formerly SBI Emerging Businesses Fund) (Non-Demat) (INF200K01370): amfi_code=102756 nav=359.5703 date=2026-04-08
[2026-04-09 01:26:34] [INFO] [NAV] Updated L103G-SBI Large Cap Fund - Regular Plan - Growth (Non-Demat) (INF200K01180): amfi_code=103504 nav=89.3115 date=2026-04-09
[2026-04-09 01:26:34] [INFO] [NAV] Updated 176TFGP-SUNDARAM ELSS TAX SAVER FUND - REGULAR GROWTH (INF173K01361): amfi_code=149569 nav=482.7295 date=2026-04-09
[2026-04-09 01:26:34] [INFO] [NAV] Updated 176MCDG-SUNDARAM MID CAP FUND DIRECT GROWTH (INF903J01MJ3): amfi_code=119581 nav=1497.986 date=2026-04-09
[2026-04-09 01:26:34] [INFO] [NAV] Updated 176DEGP-SUNDARAM VALUE FUND - REGULAR GROWTH (INF903J01538): amfi_code=101853 nav=207.8446 date=2026-04-09
[2026-04-09 01:26:34] [INFO] [NAV] Updated 176NHZG-SUNDARAM NIFTY 100 EQUAL WEIGHT FUND - DIRECT GROWTH (INF173K01EZ4): amfi_code=149483 nav=181.187 date=2026-04-09
[2026-04-09 01:26:34] [INFO] [NAV] Updated TTSF-Tata ELSS Fund Regular Plan IDCW# (Non-Demat) (INF277K01I60): amfi_code=100474 nav=88.9413 date=2026-04-09
[2026-04-09 01:26:34] [INFO] [NAV] Updated 108ETGPG-UTI ELSS Tax Saver Fund - Regular Plan (INF789F01547): amfi_code=100821 nav=192.7211 date=2026-04-09
[2026-04-09 01:26:34] [INFO] [NAV] Updated 108NID2G-UTI Nifty 50 Index Fund - Direct Plan (INF789F01XA0): amfi_code=120716 nav=166.1968 date=2026-04-09
[2026-04-09 01:26:34] [INFO] [NAV] Updated 108NYG1G-UTI Nifty Next 50 Index Fund - Direct Plan (INF789FC12T1): amfi_code=143341 nav=24.5497 date=2026-04-09
[2026-04-09 01:26:34] [INFO] [NAV] COMPLETE amfi-refresh: 55 updated, 2 not found, 0 errors
[2026-04-09 01:26:34] [INFO] [NAV] COMPLETE nav-update: 55 updated, 2 not found, 0 errors
[2026-04-09 01:26:37] [INFO] [NAV] Starting NAV update via NAVAll.txt
[2026-04-09 01:26:38] [INFO] [NAV] Source: NAVAll.txt (portal.amfiindia.com)
[2026-04-09 01:26:38] [INFO] [NAV] Starting AMFI refresh: 57 funds to process
[2026-04-09 01:26:38] [INFO] [NAV] Updated B02G-Aditya Birla Sun Life ELSS Tax Saver Fund- (ELSS U/S 80C of IT ACT) - Growth-Regular Plan (Non-Demat) (INF209K01108): amfi_code=107745 nav=58.35 date=2026-04-09
[2026-04-09 01:26:38] [INFO] [NAV] Updated G223-Bandhan ELSS Tax saver Fund-Regular Plan-Growth (Non-Demat) (INF194K01292): amfi_code=111569 nav=146.892 date=2026-04-09
[2026-04-09 01:26:38] [INFO] [NAV] Updated GD201-Bandhan Large & Mid Cap Fund-Direct Plan-Growth ( Formerly Known as Bandhan Core Equity Fund-Direct Plan-Growth) (Non-Demat) (INF194K01V89): amfi_code=118419 nav=154.35 date=2026-04-09
[2026-04-09 01:26:38] [INFO] [NAV] Updated 116TAEGG-Bank of India ELSS Tax Saver - Eco Plan - Growth (INF761K01157): amfi_code=111709 nav=168.74 date=2026-04-09
[2026-04-09 01:26:38] [INFO] [NAV] Updated 101EQDGG-Canara Robeco Large and Mid Cap Fund - Direct Growth (INF760K01EI4): amfi_code=118278 nav=271.76 date=2026-04-09
[2026-04-09 01:26:38] [INFO] [NAV] Updated 183FCDGG-Capitalmind Flexi Cap Fund - Direct (INF226401018): amfi_code=153738 nav=9.8856 date=2026-04-09
[2026-04-09 01:26:38] [INFO] [NAV] Updated D110-DSP ELSS Tax Saver Fund - Regular Plan - Growth (Non-Demat) (INF740K01185): amfi_code=104772 nav=133.552 date=2026-04-09
[2026-04-09 01:26:38] [INFO] [NAV] Updated FTI417-Franklin India Mid Cap FUND - Direct Plan - Growth (erstwhile Franklin India PRIMA FUND - Direct Plan - Growth) (Non-Demat) (INF090I01FH9): amfi_code=118533 nav=2900.2725 date=2026-04-09
[2026-04-09 01:26:38] [INFO] [NAV] Updated FTI034-Franklin India ELSS Tax Saver Fund - Growth (Non-Demat) (INF090I01775): amfi_code=100526 nav=1377.5196 date=2026-04-09
[2026-04-09 01:26:38] [INFO] [NAV] Updated FTI419-Franklin India Large Cap FUND - Direct Plan - Growth (erstwhile Franklin India BLUCHIP FUND - Direct Plan - Growth) (Non-Demat) (INF090I01FN7): amfi_code=118531 nav=1094.8863 date=2026-04-08
[2026-04-09 01:26:38] [INFO] [NAV] Updated FTI425-Franklin INDIA OPPORTUNITIES FUND - Direct Plan - Growth (Non-Demat) (INF090I01GC8): amfi_code=118539 nav=266.8384 date=2026-04-08
[2026-04-09 01:26:38] [INFO] [NAV] Updated FTI413-Franklin India Technology Fund - Direct Plan - Growth (Non-Demat) (INF090I01FE6): amfi_code=118537 nav=499.4385 date=2026-04-08
[2026-04-09 01:26:38] [INFO] [NAV] Updated H02T-HDFC Flexi Cap Fund - Direct Plan - Growth Option (Non-Demat) (INF179K01UT0): amfi_code=118955 nav=2131.942 date=2026-04-09
[2026-04-09 01:26:38] [INFO] [NAV] Updated H32-HDFC ELSS Tax saver - Regular Plan - Growth (Non-Demat) (INF179K01BB8): amfi_code=101979 nav=1334.592 date=2026-04-09
[2026-04-09 01:26:38] [INFO] [NAV] Updated H44-HDFC Large Cap Fund - Regular Plan - Growth (formerly HDFC Top 100 Fund) (Non-Demat) (INF179K01BE2): amfi_code=102000 nav=1080.68 date=2026-04-09
[2026-04-09 01:26:38] [INFO] [NAV] Updated H44T-HDFC Large Cap Fund - Direct Plan - Growth Option (formerly HDFC Top 100 Fund) (Non-Demat) (INF179K01YV8): amfi_code=119018 nav=1173.929 date=2026-04-09
[2026-04-09 01:26:38] [WARN] [NAV] ISIN not found in NAVAll.txt: INF179K01YC8 (H22T-HDFC Prudence Fund - Direct Plan - Growth Option (Non-Demat))
[2026-04-09 01:26:38] [INFO] [NAV] Updated HMCOGT-HDFC Mid Cap Fund - Direct Plan - Growth Option (Non-Demat) (INF179K01XQ0): amfi_code=118989 nav=212.58 date=2026-04-09
[2026-04-09 01:26:38] [WARN] [NAV] ISIN not found in NAVAll.txt: INF179K01AV8 (H22-HDFC Prudence Fund - Regular Plan - Growth (Non-Demat))
[2026-04-09 01:26:38] [INFO] [NAV] Updated OFTAFG-HSBC ELSS Tax Saver Fund - Regular Growth (Formerly known as L&T Tax Advantage Fund - Growth) (Non-Demat) (INF677K01064): amfi_code=151076 nav=128.7287 date=2026-04-09
[2026-04-09 01:26:38] [INFO] [NAV] Updated O17D-HSBC Midcap Fund - Direct Growth (Formerly known as L&T Midcap Fund Direct Plan - Growth ) (Non-Demat) (INF917K01FZ1): amfi_code=151036 nav=447.662 date=2026-04-09
[2026-04-09 01:26:38] [INFO] [NAV] Updated P8176-ICICI Prudential Value Fund (erstwhile Value Discovery Fund) - Direct Plan - Growth (Non-Demat) (INF109K012K1): amfi_code=120323 nav=505.28 date=2026-04-09
[2026-04-09 01:26:38] [INFO] [NAV] Updated P01-ICICI Prudential ELSS Tax Saver Fund - Growth (Non-Demat) (INF109K01464): amfi_code=100354 nav=898.46 date=2026-04-09
[2026-04-09 01:26:38] [INFO] [NAV] Updated P9453-ICICI Prudential India Opportunities Fund Direct Plan Growth (Non-Demat) (INF109KC1RH9): amfi_code=145897 nav=38.76 date=2026-04-09
[2026-04-09 01:26:38] [INFO] [NAV] Updated P8002-ICICI Prudential Large & Mid Cap Fund - Direct Plan - Growth (formerly ICICI Prudential Top 100 Fund) (Non-Demat) (INF109K011O5): amfi_code=120596 nav=1104.44 date=2026-04-09
[2026-04-09 01:26:38] [INFO] [NAV] Updated PDFG-ICICI Prudential Value Fund (erstwhile Value Discovery Fund) - Growth (Non-Demat) (INF109K01AF8): amfi_code=102594 nav=458.1 date=2026-04-09
[2026-04-09 01:26:38] [INFO] [NAV] Updated P8107-ICICI Prudential Nifty Next 50 Index Fund - Direct Plan - Growth (Non-Demat) (INF109K01Y80): amfi_code=120684 nav=61.5473 date=2026-04-09
[2026-04-09 01:26:38] [INFO] [NAV] Updated 120TPGPG-Invesco India ELSS Tax Saver Fund - Regular Plan Growth (INF205K01270): amfi_code=104636 nav=112.54 date=2026-04-09
[2026-04-09 01:26:38] [INFO] [NAV] Updated 120GFD1G-Invesco India Large & Mid Cap Fund - Direct Plan Growth (INF205K01MA0): amfi_code=120357 nav=112.31 date=2026-04-09
[2026-04-09 01:26:38] [INFO] [NAV] Updated 105BADGG-JM Value Fund - (Direct) - Growth Option (INF192K01BT3): amfi_code=120486 nav=98.9864 date=2026-04-09
[2026-04-09 01:26:38] [INFO] [NAV] Updated K123D-Kotak Midcap Fund- Direct Plan - Growth (Erstwhile Kotak Emerging Equity Scheme) (Non-Demat) (INF174K01LT0): amfi_code=119775 nav=152.88 date=2026-04-09
[2026-04-09 01:26:38] [INFO] [NAV] Updated K144-Kotak ELSS Tax Saver Fund - Growth (Regular Plan) (Non-Demat) (INF174K01369): amfi_code=103339 nav=109.438 date=2026-04-09
[2026-04-09 01:26:38] [INFO] [NAV] Updated 117IOD1G-Mirae Asset Large Cap Fund - Direct Plan (INF769K01AX2): amfi_code=118825 nav=121.164 date=2026-04-09
[2026-04-09 01:26:38] [INFO] [NAV] Updated 127NTGDG-Motilal Oswal Nifty 500 Index Fund - Direct Growth (INF247L01957): amfi_code=147625 nav=25.6214 date=2026-04-09
[2026-04-09 01:26:38] [INFO] [NAV] Updated 127CPGDG-Motilal Oswal Flexi Cap Fund - Direct Plan Growth (INF247L01502): amfi_code=129046 nav=61.0951 date=2026-04-09
[2026-04-09 01:26:38] [INFO] [NAV] Updated 127MFGDG-Motilal Oswal Focused Fund - Direct Plan Growth (INF247L01189): amfi_code=122389 nav=49.6327 date=2026-04-09
[2026-04-09 01:26:38] [INFO] [NAV] Updated RMFBFGPG-NIPPON INDIA BANKING & FINANCIAL SERVICES FUND - GROWTH PLAN (INF204K01927): amfi_code=101862 nav=613.6957 date=2026-04-09
[2026-04-09 01:26:38] [INFO] [NAV] Updated RMFTSGPG-NIPPON INDIA ELSS TAX SAVER FUND - GROWTH PLAN - GROWTH OPTION (INF204K01GK4): amfi_code=103196 nav=124.4787 date=2026-04-09
[2026-04-09 01:26:38] [INFO] [NAV] Updated RMFGFGPG-NIPPON INDIA GROWTH MID CAP FUND - GROWTH PLAN GROWTH OPTION (INF204K01323): amfi_code=100377 nav=4112.0823 date=2026-04-09
[2026-04-09 01:26:38] [INFO] [NAV] Updated RMFEAAGG-NIPPON INDIA LARGE CAP FUND - DIRECT GROWTH PLAN GROWTH OPTION (INF204K01XI3): amfi_code=118632 nav=97.4948 date=2026-04-09
[2026-04-09 01:26:38] [INFO] [NAV] Updated RMFSCAGG-NIPPON INDIA SMALL CAP FUND - DIRECT GROWTH PLAN GROWTH OPTION (INF204K01K15): amfi_code=118778 nav=178.0416 date=2026-04-09
[2026-04-09 01:26:38] [INFO] [NAV] Updated PP001ZG-Parag Parikh Flexi Cap Fund - Direct Plan Growth (formerly Parag Parikh Long Term Value Fund) (Non-Demat) (INF879O01027): amfi_code=122639 nav=90.1325 date=2026-04-08
[2026-04-09 01:26:38] [INFO] [NAV] Updated PPLCFGZ-Parag Parikh Large Cap Fund - Direct Plan Growth (Non-Demat) (INF879O01332): amfi_code=154155 nav=9.3201 date=2026-04-09
[2026-04-09 01:26:38] [INFO] [NAV] Updated 166GFDGG-quant Multi Cap Fund - Direct Plan (INF966L01614): amfi_code=120823 nav=637.2035 date=2026-04-09
[2026-04-09 01:26:38] [INFO] [NAV] Updated 123EFGPG-Quantum Value Fund - Direct Plan Growth Option (INF082J01036): amfi_code=103490 nav=121.82 date=2026-04-09
[2026-04-09 01:26:38] [INFO] [NAV] Updated L036G-SBI Contra Fund - Regular Plan - Growth (Non-Demat) (INF200K01362): amfi_code=102414 nav=367.5133 date=2026-04-08
[2026-04-09 01:26:38] [INFO] [NAV] Updated LD81G-SBI Focused Fund - Direct Plan - Growth (formerly SBI Emerging Businesses Fund) (Non-Demat) (INF200K01RJ1): amfi_code=119727 nav=405.9895 date=2026-04-08
[2026-04-09 01:26:38] [INFO] [NAV] Updated L081G-SBI Focused Fund - Regular Plan - Growth (formerly SBI Emerging Businesses Fund) (Non-Demat) (INF200K01370): amfi_code=102756 nav=359.5703 date=2026-04-08
[2026-04-09 01:26:38] [INFO] [NAV] Updated L103G-SBI Large Cap Fund - Regular Plan - Growth (Non-Demat) (INF200K01180): amfi_code=103504 nav=89.3115 date=2026-04-09
[2026-04-09 01:26:38] [INFO] [NAV] Updated 176TFGP-SUNDARAM ELSS TAX SAVER FUND - REGULAR GROWTH (INF173K01361): amfi_code=149569 nav=482.7295 date=2026-04-09
[2026-04-09 01:26:38] [INFO] [NAV] Updated 176MCDG-SUNDARAM MID CAP FUND DIRECT GROWTH (INF903J01MJ3): amfi_code=119581 nav=1497.986 date=2026-04-09
[2026-04-09 01:26:38] [INFO] [NAV] Updated 176DEGP-SUNDARAM VALUE FUND - REGULAR GROWTH (INF903J01538): amfi_code=101853 nav=207.8446 date=2026-04-09
[2026-04-09 01:26:38] [INFO] [NAV] Updated 176NHZG-SUNDARAM NIFTY 100 EQUAL WEIGHT FUND - DIRECT GROWTH (INF173K01EZ4): amfi_code=149483 nav=181.187 date=2026-04-09
[2026-04-09 01:26:38] [INFO] [NAV] Updated TTSF-Tata ELSS Fund Regular Plan IDCW# (Non-Demat) (INF277K01I60): amfi_code=100474 nav=88.9413 date=2026-04-09
[2026-04-09 01:26:38] [INFO] [NAV] Updated 108ETGPG-UTI ELSS Tax Saver Fund - Regular Plan (INF789F01547): amfi_code=100821 nav=192.7211 date=2026-04-09
[2026-04-09 01:26:38] [INFO] [NAV] Updated 108NID2G-UTI Nifty 50 Index Fund - Direct Plan (INF789F01XA0): amfi_code=120716 nav=166.1968 date=2026-04-09
[2026-04-09 01:26:38] [INFO] [NAV] Updated 108NYG1G-UTI Nifty Next 50 Index Fund - Direct Plan (INF789FC12T1): amfi_code=143341 nav=24.5497 date=2026-04-09
[2026-04-09 01:26:38] [INFO] [NAV] COMPLETE amfi-refresh: 55 updated, 2 not found, 0 errors
[2026-04-09 01:26:38] [INFO] [NAV] COMPLETE nav-update: 55 updated, 2 not found, 0 errors
[2026-04-09 01:27:16] [INFO] [BACKFILL] Starting NAV history backfill/sync: 55 funds to process
[2026-04-09 01:27:17] [INFO] [BACKFILL] Full backfill 120GFD1G-Invesco India Large & Mid Cap Fund - Direct Plan Growth: 3264 days inserted
[2026-04-09 01:27:18] [INFO] [BACKFILL] Full backfill 127MFGDG-Motilal Oswal Focused Fund - Direct Plan Growth: 3174 days inserted
[2026-04-09 01:27:19] [INFO] [BACKFILL] Full backfill 127CPGDG-Motilal Oswal Flexi Cap Fund - Direct Plan Growth: 2939 days inserted
[2026-04-09 01:27:20] [INFO] [BACKFILL] Full backfill L036G-SBI Contra Fund - Regular Plan - Growth (Non-Demat): 4913 days inserted
[2026-04-09 01:27:21] [INFO] [BACKFILL] Full backfill K144-Kotak ELSS Tax Saver Fund - Growth (Regular Plan) (Non-Demat): 4927 days inserted
[2026-04-09 01:27:22] [INFO] [BACKFILL] Full backfill 108ETGPG-UTI ELSS Tax Saver Fund - Regular Plan: 4922 days inserted
[2026-04-09 01:27:22] [INFO] [BACKFILL] Full backfill 108NID2G-UTI Nifty 50 Index Fund - Direct Plan: 3264 days inserted
[2026-04-09 01:27:23] [INFO] [BACKFILL] Full backfill 108NYG1G-UTI Nifty Next 50 Index Fund - Direct Plan: 1913 days inserted
[2026-04-09 01:27:24] [INFO] [BACKFILL] Full backfill LD81G-SBI Focused Fund - Direct Plan - Growth (formerly SBI Emerging Businesses Fund) (Non-Demat): 3269 days inserted
[2026-04-09 01:27:25] [INFO] [BACKFILL] Full backfill 120TPGPG-Invesco India ELSS Tax Saver Fund - Regular Plan Growth: 4731 days inserted
[2026-04-09 01:27:26] [INFO] [BACKFILL] Full backfill 123EFGPG-Quantum Value Fund - Direct Plan Growth Option: 4930 days inserted
[2026-04-09 01:27:27] [INFO] [BACKFILL] Full backfill B02G-Aditya Birla Sun Life ELSS Tax Saver Fund- (ELSS U/S 80C of IT ACT) - Growth-Regular Plan (Non-Demat): 4444 days inserted
[2026-04-09 01:27:28] [INFO] [BACKFILL] Full backfill TTSF-Tata ELSS Fund Regular Plan IDCW# (Non-Demat): 4927 days inserted
[2026-04-09 01:27:29] [INFO] [BACKFILL] Full backfill H32-HDFC ELSS Tax saver - Regular Plan - Growth (Non-Demat): 4927 days inserted
[2026-04-09 01:27:29] [INFO] [BACKFILL] Full backfill PPLCFGZ-Parag Parikh Large Cap Fund - Direct Plan Growth (Non-Demat): 42 days inserted
[2026-04-09 01:27:30] [INFO] [BACKFILL] Full backfill H44T-HDFC Large Cap Fund - Direct Plan - Growth Option (formerly HDFC Top 100 Fund) (Non-Demat): 3265 days inserted
[2026-04-09 01:27:31] [INFO] [BACKFILL] Full backfill 117IOD1G-Mirae Asset Large Cap Fund - Direct Plan: 3264 days inserted
[2026-04-09 01:27:32] [INFO] [BACKFILL] Full backfill FTI419-Franklin India Large Cap FUND - Direct Plan - Growth (erstwhile Franklin India BLUCHIP FUND - Direct Plan - Growth) (Non-Demat): 3263 days inserted
[2026-04-09 01:27:33] [INFO] [BACKFILL] Full backfill RMFGFGPG-NIPPON INDIA GROWTH MID CAP FUND - GROWTH PLAN GROWTH OPTION: 4927 days inserted
[2026-04-09 01:27:34] [INFO] [BACKFILL] Full backfill PP001ZG-Parag Parikh Flexi Cap Fund - Direct Plan Growth (formerly Parag Parikh Long Term Value Fund) (Non-Demat): 3163 days inserted
[2026-04-09 01:27:35] [INFO] [BACKFILL] Full backfill RMFBFGPG-NIPPON INDIA BANKING & FINANCIAL SERVICES FUND - GROWTH PLAN: 4927 days inserted
[2026-04-09 01:27:41] [INFO] [BACKFILL] Full backfill H02T-HDFC Flexi Cap Fund - Direct Plan - Growth Option (Non-Demat): 3265 days inserted
[2026-04-09 01:27:43] [INFO] [BACKFILL] Full backfill H44-HDFC Large Cap Fund - Regular Plan - Growth (formerly HDFC Top 100 Fund) (Non-Demat): 4927 days inserted
[2026-04-09 01:27:43] [INFO] [BACKFILL] Full backfill FTI417-Franklin India Mid Cap FUND - Direct Plan - Growth (erstwhile Franklin India PRIMA FUND - Direct Plan - Growth) (Non-Demat): 3265 days inserted
[2026-04-09 01:27:44] [INFO] [BACKFILL] Full backfill 116TAEGG-Bank of India ELSS Tax Saver - Eco Plan - Growth: 4210 days inserted
[2026-04-09 01:27:45] [INFO] [BACKFILL] Full backfill 127NTGDG-Motilal Oswal Nifty 500 Index Fund - Direct Growth: 1621 days inserted
[2026-04-09 01:27:45] [INFO] [BACKFILL] Full backfill O17D-HSBC Midcap Fund - Direct Growth (Formerly known as L&T Midcap Fund Direct Plan - Growth ) (Non-Demat): 828 days inserted
[2026-04-09 01:27:46] [INFO] [BACKFILL] Full backfill P8002-ICICI Prudential Large & Mid Cap Fund - Direct Plan - Growth (formerly ICICI Prudential Top 100 Fund) (Non-Demat): 3264 days inserted
[2026-04-09 01:27:47] [INFO] [BACKFILL] Full backfill FTI034-Franklin India ELSS Tax Saver Fund - Growth (Non-Demat): 4924 days inserted
[2026-04-09 01:27:48] [INFO] [BACKFILL] Full backfill G223-Bandhan ELSS Tax saver Fund-Regular Plan-Growth (Non-Demat): 4259 days inserted
[2026-04-09 01:27:48] [INFO] [BACKFILL] Full backfill FTI413-Franklin India Technology Fund - Direct Plan - Growth (Non-Demat): 3261 days inserted
[2026-04-09 01:27:49] [INFO] [BACKFILL] Full backfill RMFTSGPG-NIPPON INDIA ELSS TAX SAVER FUND - GROWTH PLAN - GROWTH OPTION: 4927 days inserted
[2026-04-09 01:27:50] [INFO] [BACKFILL] Full backfill 176MCDG-SUNDARAM MID CAP FUND DIRECT GROWTH: 3263 days inserted
[2026-04-09 01:27:51] [INFO] [BACKFILL] Full backfill P01-ICICI Prudential ELSS Tax Saver Fund - Growth (Non-Demat): 4928 days inserted
[2026-04-09 01:27:52] [INFO] [BACKFILL] Full backfill L081G-SBI Focused Fund - Regular Plan - Growth (formerly SBI Emerging Businesses Fund) (Non-Demat): 4913 days inserted
[2026-04-09 01:27:53] [INFO] [BACKFILL] Full backfill P8176-ICICI Prudential Value Fund (erstwhile Value Discovery Fund) - Direct Plan - Growth (Non-Demat): 3263 days inserted
[2026-04-09 01:27:54] [INFO] [BACKFILL] Full backfill L103G-SBI Large Cap Fund - Regular Plan - Growth (Non-Demat): 4916 days inserted
[2026-04-09 01:27:55] [INFO] [BACKFILL] Full backfill HMCOGT-HDFC Mid Cap Fund - Direct Plan - Growth Option (Non-Demat): 3265 days inserted
[2026-04-09 01:27:56] [INFO] [BACKFILL] Full backfill PDFG-ICICI Prudential Value Fund (erstwhile Value Discovery Fund) - Growth (Non-Demat): 4927 days inserted
[2026-04-09 01:27:57] [INFO] [BACKFILL] Full backfill D110-DSP ELSS Tax Saver Fund - Regular Plan - Growth (Non-Demat): 4729 days inserted
[2026-04-09 01:27:58] [INFO] [BACKFILL] Full backfill 176DEGP-SUNDARAM VALUE FUND - REGULAR GROWTH: 4919 days inserted
[2026-04-09 01:27:58] [INFO] [BACKFILL] Full backfill 176NHZG-SUNDARAM NIFTY 100 EQUAL WEIGHT FUND - DIRECT GROWTH: 1050 days inserted
[2026-04-09 01:27:59] [INFO] [BACKFILL] Full backfill 105BADGG-JM Value Fund - (Direct) - Growth Option: 3264 days inserted
[2026-04-09 01:28:00] [INFO] [BACKFILL] Full backfill OFTAFG-HSBC ELSS Tax Saver Fund - Regular Growth (Formerly known as L&T Tax Advantage Fund - Growth) (Non-Demat): 828 days inserted
[2026-04-09 01:28:01] [INFO] [BACKFILL] Full backfill RMFSCAGG-NIPPON INDIA SMALL CAP FUND - DIRECT GROWTH PLAN GROWTH OPTION: 3263 days inserted
[2026-04-09 01:28:02] [INFO] [BACKFILL] Full backfill GD201-Bandhan Large & Mid Cap Fund-Direct Plan-Growth ( Formerly Known as Bandhan Core Equity Fund-Direct Plan-Growth) (Non-Demat): 3272 days inserted
[2026-04-09 01:28:03] [INFO] [BACKFILL] Full backfill 183FCDGG-Capitalmind Flexi Cap Fund - Direct: 165 days inserted
[2026-04-09 01:28:04] [INFO] [BACKFILL] Full backfill P8107-ICICI Prudential Nifty Next 50 Index Fund - Direct Plan - Growth (Non-Demat): 3264 days inserted
[2026-04-09 01:28:04] [INFO] [BACKFILL] Full backfill P9453-ICICI Prudential India Opportunities Fund Direct Plan Growth (Non-Demat): 1780 days inserted
[2026-04-09 01:28:05] [INFO] [BACKFILL] Full backfill RMFEAAGG-NIPPON INDIA LARGE CAP FUND - DIRECT GROWTH PLAN GROWTH OPTION: 3264 days inserted
[2026-04-09 01:28:07] [INFO] [BACKFILL] Full backfill 166GFDGG-quant Multi Cap Fund - Direct Plan: 3267 days inserted
[2026-04-09 01:28:07] [INFO] [BACKFILL] Full backfill 176TFGP-SUNDARAM ELSS TAX SAVER FUND - REGULAR GROWTH: 1050 days inserted
[2026-04-09 01:28:08] [INFO] [BACKFILL] Full backfill K123D-Kotak Midcap Fund- Direct Plan - Growth (Erstwhile Kotak Emerging Equity Scheme) (Non-Demat): 3262 days inserted
[2026-04-09 01:28:09] [INFO] [BACKFILL] Full backfill 101EQDGG-Canara Robeco Large and Mid Cap Fund - Direct Growth: 3264 days inserted
[2026-04-09 01:28:10] [INFO] [BACKFILL] Full backfill FTI425-Franklin INDIA OPPORTUNITIES FUND - Direct Plan - Growth (Non-Demat): 3263 days inserted
[2026-04-09 01:28:11] [INFO] [BACKFILL] COMPLETE backfill: 55 full, 0 incremental, 0 up-to-date, 0 errors
[2026-04-09 01:28:18] [INFO] [NAV] Source: NAVAll.txt (portal.amfiindia.com)
[2026-04-09 01:28:20] [INFO] [NAV] Starting AMFI refresh: 57 funds to process
[2026-04-09 01:28:20] [INFO] [NAV] Updated B02G-Aditya Birla Sun Life ELSS Tax Saver Fund- (ELSS U/S 80C of IT ACT) - Growth-Regular Plan (Non-Demat) (INF209K01108): amfi_code=107745 nav=58.35 date=2026-04-09
[2026-04-09 01:28:20] [INFO] [NAV] Updated G223-Bandhan ELSS Tax saver Fund-Regular Plan-Growth (Non-Demat) (INF194K01292): amfi_code=111569 nav=146.892 date=2026-04-09
[2026-04-09 01:28:20] [INFO] [NAV] Updated GD201-Bandhan Large & Mid Cap Fund-Direct Plan-Growth ( Formerly Known as Bandhan Core Equity Fund-Direct Plan-Growth) (Non-Demat) (INF194K01V89): amfi_code=118419 nav=154.35 date=2026-04-09
[2026-04-09 01:28:20] [INFO] [NAV] Updated 116TAEGG-Bank of India ELSS Tax Saver - Eco Plan - Growth (INF761K01157): amfi_code=111709 nav=168.74 date=2026-04-09
[2026-04-09 01:28:20] [INFO] [NAV] Updated 101EQDGG-Canara Robeco Large and Mid Cap Fund - Direct Growth (INF760K01EI4): amfi_code=118278 nav=271.76 date=2026-04-09
[2026-04-09 01:28:20] [INFO] [NAV] Updated 183FCDGG-Capitalmind Flexi Cap Fund - Direct (INF226401018): amfi_code=153738 nav=9.8856 date=2026-04-09
[2026-04-09 01:28:20] [INFO] [NAV] Updated D110-DSP ELSS Tax Saver Fund - Regular Plan - Growth (Non-Demat) (INF740K01185): amfi_code=104772 nav=133.552 date=2026-04-09
[2026-04-09 01:28:20] [INFO] [NAV] Updated FTI417-Franklin India Mid Cap FUND - Direct Plan - Growth (erstwhile Franklin India PRIMA FUND - Direct Plan - Growth) (Non-Demat) (INF090I01FH9): amfi_code=118533 nav=2900.2725 date=2026-04-09
[2026-04-09 01:28:20] [INFO] [NAV] Updated FTI034-Franklin India ELSS Tax Saver Fund - Growth (Non-Demat) (INF090I01775): amfi_code=100526 nav=1377.5196 date=2026-04-09
[2026-04-09 01:28:20] [INFO] [NAV] Updated FTI419-Franklin India Large Cap FUND - Direct Plan - Growth (erstwhile Franklin India BLUCHIP FUND - Direct Plan - Growth) (Non-Demat) (INF090I01FN7): amfi_code=118531 nav=1094.8863 date=2026-04-08
[2026-04-09 01:28:20] [INFO] [NAV] Updated FTI425-Franklin INDIA OPPORTUNITIES FUND - Direct Plan - Growth (Non-Demat) (INF090I01GC8): amfi_code=118539 nav=266.8384 date=2026-04-08
[2026-04-09 01:28:20] [INFO] [NAV] Updated FTI413-Franklin India Technology Fund - Direct Plan - Growth (Non-Demat) (INF090I01FE6): amfi_code=118537 nav=499.4385 date=2026-04-08
[2026-04-09 01:28:20] [INFO] [NAV] Updated H02T-HDFC Flexi Cap Fund - Direct Plan - Growth Option (Non-Demat) (INF179K01UT0): amfi_code=118955 nav=2131.942 date=2026-04-09
[2026-04-09 01:28:20] [INFO] [NAV] Updated H32-HDFC ELSS Tax saver - Regular Plan - Growth (Non-Demat) (INF179K01BB8): amfi_code=101979 nav=1334.592 date=2026-04-09
[2026-04-09 01:28:20] [INFO] [NAV] Updated H44-HDFC Large Cap Fund - Regular Plan - Growth (formerly HDFC Top 100 Fund) (Non-Demat) (INF179K01BE2): amfi_code=102000 nav=1080.68 date=2026-04-09
[2026-04-09 01:28:20] [INFO] [NAV] Updated H44T-HDFC Large Cap Fund - Direct Plan - Growth Option (formerly HDFC Top 100 Fund) (Non-Demat) (INF179K01YV8): amfi_code=119018 nav=1173.929 date=2026-04-09
[2026-04-09 01:28:20] [WARN] [NAV] ISIN not found in NAVAll.txt: INF179K01YC8 (H22T-HDFC Prudence Fund - Direct Plan - Growth Option (Non-Demat))
[2026-04-09 01:28:20] [INFO] [NAV] Updated HMCOGT-HDFC Mid Cap Fund - Direct Plan - Growth Option (Non-Demat) (INF179K01XQ0): amfi_code=118989 nav=212.58 date=2026-04-09
[2026-04-09 01:28:20] [WARN] [NAV] ISIN not found in NAVAll.txt: INF179K01AV8 (H22-HDFC Prudence Fund - Regular Plan - Growth (Non-Demat))
[2026-04-09 01:28:20] [INFO] [NAV] Updated OFTAFG-HSBC ELSS Tax Saver Fund - Regular Growth (Formerly known as L&T Tax Advantage Fund - Growth) (Non-Demat) (INF677K01064): amfi_code=151076 nav=128.7287 date=2026-04-09
[2026-04-09 01:28:20] [INFO] [NAV] Updated O17D-HSBC Midcap Fund - Direct Growth (Formerly known as L&T Midcap Fund Direct Plan - Growth ) (Non-Demat) (INF917K01FZ1): amfi_code=151036 nav=447.662 date=2026-04-09
[2026-04-09 01:28:20] [INFO] [NAV] Updated P8176-ICICI Prudential Value Fund (erstwhile Value Discovery Fund) - Direct Plan - Growth (Non-Demat) (INF109K012K1): amfi_code=120323 nav=505.28 date=2026-04-09
[2026-04-09 01:28:20] [INFO] [NAV] Updated P01-ICICI Prudential ELSS Tax Saver Fund - Growth (Non-Demat) (INF109K01464): amfi_code=100354 nav=898.46 date=2026-04-09
[2026-04-09 01:28:20] [INFO] [NAV] Updated P9453-ICICI Prudential India Opportunities Fund Direct Plan Growth (Non-Demat) (INF109KC1RH9): amfi_code=145897 nav=38.76 date=2026-04-09
[2026-04-09 01:28:20] [INFO] [NAV] Updated P8002-ICICI Prudential Large & Mid Cap Fund - Direct Plan - Growth (formerly ICICI Prudential Top 100 Fund) (Non-Demat) (INF109K011O5): amfi_code=120596 nav=1104.44 date=2026-04-09
[2026-04-09 01:28:20] [INFO] [NAV] Updated PDFG-ICICI Prudential Value Fund (erstwhile Value Discovery Fund) - Growth (Non-Demat) (INF109K01AF8): amfi_code=102594 nav=458.1 date=2026-04-09
[2026-04-09 01:28:20] [INFO] [NAV] Updated P8107-ICICI Prudential Nifty Next 50 Index Fund - Direct Plan - Growth (Non-Demat) (INF109K01Y80): amfi_code=120684 nav=61.5473 date=2026-04-09
[2026-04-09 01:28:20] [INFO] [NAV] Updated 120TPGPG-Invesco India ELSS Tax Saver Fund - Regular Plan Growth (INF205K01270): amfi_code=104636 nav=112.54 date=2026-04-09
[2026-04-09 01:28:20] [INFO] [NAV] Updated 120GFD1G-Invesco India Large & Mid Cap Fund - Direct Plan Growth (INF205K01MA0): amfi_code=120357 nav=112.31 date=2026-04-09
[2026-04-09 01:28:20] [INFO] [NAV] Updated 105BADGG-JM Value Fund - (Direct) - Growth Option (INF192K01BT3): amfi_code=120486 nav=98.9864 date=2026-04-09
[2026-04-09 01:28:20] [INFO] [NAV] Updated K123D-Kotak Midcap Fund- Direct Plan - Growth (Erstwhile Kotak Emerging Equity Scheme) (Non-Demat) (INF174K01LT0): amfi_code=119775 nav=152.88 date=2026-04-09
[2026-04-09 01:28:20] [INFO] [NAV] Updated K144-Kotak ELSS Tax Saver Fund - Growth (Regular Plan) (Non-Demat) (INF174K01369): amfi_code=103339 nav=109.438 date=2026-04-09
[2026-04-09 01:28:20] [INFO] [NAV] Updated 117IOD1G-Mirae Asset Large Cap Fund - Direct Plan (INF769K01AX2): amfi_code=118825 nav=121.164 date=2026-04-09
[2026-04-09 01:28:20] [INFO] [NAV] Updated 127NTGDG-Motilal Oswal Nifty 500 Index Fund - Direct Growth (INF247L01957): amfi_code=147625 nav=25.6214 date=2026-04-09
[2026-04-09 01:28:20] [INFO] [NAV] Updated 127CPGDG-Motilal Oswal Flexi Cap Fund - Direct Plan Growth (INF247L01502): amfi_code=129046 nav=61.0951 date=2026-04-09
[2026-04-09 01:28:20] [INFO] [NAV] Updated 127MFGDG-Motilal Oswal Focused Fund - Direct Plan Growth (INF247L01189): amfi_code=122389 nav=49.6327 date=2026-04-09
[2026-04-09 01:28:20] [INFO] [NAV] Updated RMFBFGPG-NIPPON INDIA BANKING & FINANCIAL SERVICES FUND - GROWTH PLAN (INF204K01927): amfi_code=101862 nav=613.6957 date=2026-04-09
[2026-04-09 01:28:20] [INFO] [NAV] Updated RMFTSGPG-NIPPON INDIA ELSS TAX SAVER FUND - GROWTH PLAN - GROWTH OPTION (INF204K01GK4): amfi_code=103196 nav=124.4787 date=2026-04-09
[2026-04-09 01:28:20] [INFO] [NAV] Updated RMFGFGPG-NIPPON INDIA GROWTH MID CAP FUND - GROWTH PLAN GROWTH OPTION (INF204K01323): amfi_code=100377 nav=4112.0823 date=2026-04-09
[2026-04-09 01:28:20] [INFO] [NAV] Updated RMFEAAGG-NIPPON INDIA LARGE CAP FUND - DIRECT GROWTH PLAN GROWTH OPTION (INF204K01XI3): amfi_code=118632 nav=97.4948 date=2026-04-09
[2026-04-09 01:28:20] [INFO] [NAV] Updated RMFSCAGG-NIPPON INDIA SMALL CAP FUND - DIRECT GROWTH PLAN GROWTH OPTION (INF204K01K15): amfi_code=118778 nav=178.0416 date=2026-04-09
[2026-04-09 01:28:20] [INFO] [NAV] Updated PP001ZG-Parag Parikh Flexi Cap Fund - Direct Plan Growth (formerly Parag Parikh Long Term Value Fund) (Non-Demat) (INF879O01027): amfi_code=122639 nav=90.1325 date=2026-04-08
[2026-04-09 01:28:20] [INFO] [NAV] Updated PPLCFGZ-Parag Parikh Large Cap Fund - Direct Plan Growth (Non-Demat) (INF879O01332): amfi_code=154155 nav=9.3201 date=2026-04-09
[2026-04-09 01:28:20] [INFO] [NAV] Updated 166GFDGG-quant Multi Cap Fund - Direct Plan (INF966L01614): amfi_code=120823 nav=637.2035 date=2026-04-09
[2026-04-09 01:28:20] [INFO] [NAV] Updated 123EFGPG-Quantum Value Fund - Direct Plan Growth Option (INF082J01036): amfi_code=103490 nav=121.82 date=2026-04-09
[2026-04-09 01:28:20] [INFO] [NAV] Updated L036G-SBI Contra Fund - Regular Plan - Growth (Non-Demat) (INF200K01362): amfi_code=102414 nav=367.5133 date=2026-04-08
[2026-04-09 01:28:20] [INFO] [NAV] Updated LD81G-SBI Focused Fund - Direct Plan - Growth (formerly SBI Emerging Businesses Fund) (Non-Demat) (INF200K01RJ1): amfi_code=119727 nav=405.9895 date=2026-04-08
[2026-04-09 01:28:20] [INFO] [NAV] Updated L081G-SBI Focused Fund - Regular Plan - Growth (formerly SBI Emerging Businesses Fund) (Non-Demat) (INF200K01370): amfi_code=102756 nav=359.5703 date=2026-04-08
[2026-04-09 01:28:20] [INFO] [NAV] Updated L103G-SBI Large Cap Fund - Regular Plan - Growth (Non-Demat) (INF200K01180): amfi_code=103504 nav=89.3115 date=2026-04-09
[2026-04-09 01:28:20] [INFO] [NAV] Updated 176TFGP-SUNDARAM ELSS TAX SAVER FUND - REGULAR GROWTH (INF173K01361): amfi_code=149569 nav=482.7295 date=2026-04-09
[2026-04-09 01:28:20] [INFO] [NAV] Updated 176MCDG-SUNDARAM MID CAP FUND DIRECT GROWTH (INF903J01MJ3): amfi_code=119581 nav=1497.986 date=2026-04-09
[2026-04-09 01:28:20] [INFO] [NAV] Updated 176DEGP-SUNDARAM VALUE FUND - REGULAR GROWTH (INF903J01538): amfi_code=101853 nav=207.8446 date=2026-04-09
[2026-04-09 01:28:20] [INFO] [NAV] Updated 176NHZG-SUNDARAM NIFTY 100 EQUAL WEIGHT FUND - DIRECT GROWTH (INF173K01EZ4): amfi_code=149483 nav=181.187 date=2026-04-09
[2026-04-09 01:28:20] [INFO] [NAV] Updated TTSF-Tata ELSS Fund Regular Plan IDCW# (Non-Demat) (INF277K01I60): amfi_code=100474 nav=88.9413 date=2026-04-09
[2026-04-09 01:28:20] [INFO] [NAV] Updated 108ETGPG-UTI ELSS Tax Saver Fund - Regular Plan (INF789F01547): amfi_code=100821 nav=192.7211 date=2026-04-09
[2026-04-09 01:28:20] [INFO] [NAV] Updated 108NID2G-UTI Nifty 50 Index Fund - Direct Plan (INF789F01XA0): amfi_code=120716 nav=166.1968 date=2026-04-09
[2026-04-09 01:28:20] [INFO] [NAV] Updated 108NYG1G-UTI Nifty Next 50 Index Fund - Direct Plan (INF789FC12T1): amfi_code=143341 nav=24.5497 date=2026-04-09
[2026-04-09 01:28:20] [INFO] [NAV] COMPLETE amfi-refresh: 55 updated, 2 not found, 0 errors
[2026-04-09 01:28:23] [INFO] [NAV] Starting NAV update via NAVAll.txt
[2026-04-09 01:28:24] [INFO] [NAV] Source: NAVAll.txt (portal.amfiindia.com)
[2026-04-09 01:28:24] [INFO] [NAV] Starting AMFI refresh: 57 funds to process
[2026-04-09 01:28:24] [INFO] [NAV] Updated B02G-Aditya Birla Sun Life ELSS Tax Saver Fund- (ELSS U/S 80C of IT ACT) - Growth-Regular Plan (Non-Demat) (INF209K01108): amfi_code=107745 nav=58.35 date=2026-04-09
[2026-04-09 01:28:24] [INFO] [NAV] Updated G223-Bandhan ELSS Tax saver Fund-Regular Plan-Growth (Non-Demat) (INF194K01292): amfi_code=111569 nav=146.892 date=2026-04-09
[2026-04-09 01:28:24] [INFO] [NAV] Updated GD201-Bandhan Large & Mid Cap Fund-Direct Plan-Growth ( Formerly Known as Bandhan Core Equity Fund-Direct Plan-Growth) (Non-Demat) (INF194K01V89): amfi_code=118419 nav=154.35 date=2026-04-09
[2026-04-09 01:28:24] [INFO] [NAV] Updated 116TAEGG-Bank of India ELSS Tax Saver - Eco Plan - Growth (INF761K01157): amfi_code=111709 nav=168.74 date=2026-04-09
[2026-04-09 01:28:24] [INFO] [NAV] Updated 101EQDGG-Canara Robeco Large and Mid Cap Fund - Direct Growth (INF760K01EI4): amfi_code=118278 nav=271.76 date=2026-04-09
[2026-04-09 01:28:24] [INFO] [NAV] Updated 183FCDGG-Capitalmind Flexi Cap Fund - Direct (INF226401018): amfi_code=153738 nav=9.8856 date=2026-04-09
[2026-04-09 01:28:24] [INFO] [NAV] Updated D110-DSP ELSS Tax Saver Fund - Regular Plan - Growth (Non-Demat) (INF740K01185): amfi_code=104772 nav=133.552 date=2026-04-09
[2026-04-09 01:28:24] [INFO] [NAV] Updated FTI417-Franklin India Mid Cap FUND - Direct Plan - Growth (erstwhile Franklin India PRIMA FUND - Direct Plan - Growth) (Non-Demat) (INF090I01FH9): amfi_code=118533 nav=2900.2725 date=2026-04-09
[2026-04-09 01:28:24] [INFO] [NAV] Updated FTI034-Franklin India ELSS Tax Saver Fund - Growth (Non-Demat) (INF090I01775): amfi_code=100526 nav=1377.5196 date=2026-04-09
[2026-04-09 01:28:24] [INFO] [NAV] Updated FTI419-Franklin India Large Cap FUND - Direct Plan - Growth (erstwhile Franklin India BLUCHIP FUND - Direct Plan - Growth) (Non-Demat) (INF090I01FN7): amfi_code=118531 nav=1094.8863 date=2026-04-08
[2026-04-09 01:28:24] [INFO] [NAV] Updated FTI425-Franklin INDIA OPPORTUNITIES FUND - Direct Plan - Growth (Non-Demat) (INF090I01GC8): amfi_code=118539 nav=266.8384 date=2026-04-08
[2026-04-09 01:28:24] [INFO] [NAV] Updated FTI413-Franklin India Technology Fund - Direct Plan - Growth (Non-Demat) (INF090I01FE6): amfi_code=118537 nav=499.4385 date=2026-04-08
[2026-04-09 01:28:24] [INFO] [NAV] Updated H02T-HDFC Flexi Cap Fund - Direct Plan - Growth Option (Non-Demat) (INF179K01UT0): amfi_code=118955 nav=2131.942 date=2026-04-09
[2026-04-09 01:28:24] [INFO] [NAV] Updated H32-HDFC ELSS Tax saver - Regular Plan - Growth (Non-Demat) (INF179K01BB8): amfi_code=101979 nav=1334.592 date=2026-04-09
[2026-04-09 01:28:24] [INFO] [NAV] Updated H44-HDFC Large Cap Fund - Regular Plan - Growth (formerly HDFC Top 100 Fund) (Non-Demat) (INF179K01BE2): amfi_code=102000 nav=1080.68 date=2026-04-09
[2026-04-09 01:28:24] [INFO] [NAV] Updated H44T-HDFC Large Cap Fund - Direct Plan - Growth Option (formerly HDFC Top 100 Fund) (Non-Demat) (INF179K01YV8): amfi_code=119018 nav=1173.929 date=2026-04-09
[2026-04-09 01:28:24] [WARN] [NAV] ISIN not found in NAVAll.txt: INF179K01YC8 (H22T-HDFC Prudence Fund - Direct Plan - Growth Option (Non-Demat))
[2026-04-09 01:28:24] [INFO] [NAV] Updated HMCOGT-HDFC Mid Cap Fund - Direct Plan - Growth Option (Non-Demat) (INF179K01XQ0): amfi_code=118989 nav=212.58 date=2026-04-09
[2026-04-09 01:28:24] [WARN] [NAV] ISIN not found in NAVAll.txt: INF179K01AV8 (H22-HDFC Prudence Fund - Regular Plan - Growth (Non-Demat))
[2026-04-09 01:28:24] [INFO] [NAV] Updated OFTAFG-HSBC ELSS Tax Saver Fund - Regular Growth (Formerly known as L&T Tax Advantage Fund - Growth) (Non-Demat) (INF677K01064): amfi_code=151076 nav=128.7287 date=2026-04-09
[2026-04-09 01:28:24] [INFO] [NAV] Updated O17D-HSBC Midcap Fund - Direct Growth (Formerly known as L&T Midcap Fund Direct Plan - Growth ) (Non-Demat) (INF917K01FZ1): amfi_code=151036 nav=447.662 date=2026-04-09
[2026-04-09 01:28:24] [INFO] [NAV] Updated P8176-ICICI Prudential Value Fund (erstwhile Value Discovery Fund) - Direct Plan - Growth (Non-Demat) (INF109K012K1): amfi_code=120323 nav=505.28 date=2026-04-09
[2026-04-09 01:28:24] [INFO] [NAV] Updated P01-ICICI Prudential ELSS Tax Saver Fund - Growth (Non-Demat) (INF109K01464): amfi_code=100354 nav=898.46 date=2026-04-09
[2026-04-09 01:28:24] [INFO] [NAV] Updated P9453-ICICI Prudential India Opportunities Fund Direct Plan Growth (Non-Demat) (INF109KC1RH9): amfi_code=145897 nav=38.76 date=2026-04-09
[2026-04-09 01:28:24] [INFO] [NAV] Updated P8002-ICICI Prudential Large & Mid Cap Fund - Direct Plan - Growth (formerly ICICI Prudential Top 100 Fund) (Non-Demat) (INF109K011O5): amfi_code=120596 nav=1104.44 date=2026-04-09
[2026-04-09 01:28:24] [INFO] [NAV] Updated PDFG-ICICI Prudential Value Fund (erstwhile Value Discovery Fund) - Growth (Non-Demat) (INF109K01AF8): amfi_code=102594 nav=458.1 date=2026-04-09
[2026-04-09 01:28:24] [INFO] [NAV] Updated P8107-ICICI Prudential Nifty Next 50 Index Fund - Direct Plan - Growth (Non-Demat) (INF109K01Y80): amfi_code=120684 nav=61.5473 date=2026-04-09
[2026-04-09 01:28:24] [INFO] [NAV] Updated 120TPGPG-Invesco India ELSS Tax Saver Fund - Regular Plan Growth (INF205K01270): amfi_code=104636 nav=112.54 date=2026-04-09
[2026-04-09 01:28:24] [INFO] [NAV] Updated 120GFD1G-Invesco India Large & Mid Cap Fund - Direct Plan Growth (INF205K01MA0): amfi_code=120357 nav=112.31 date=2026-04-09
[2026-04-09 01:28:24] [INFO] [NAV] Updated 105BADGG-JM Value Fund - (Direct) - Growth Option (INF192K01BT3): amfi_code=120486 nav=98.9864 date=2026-04-09
[2026-04-09 01:28:24] [INFO] [NAV] Updated K123D-Kotak Midcap Fund- Direct Plan - Growth (Erstwhile Kotak Emerging Equity Scheme) (Non-Demat) (INF174K01LT0): amfi_code=119775 nav=152.88 date=2026-04-09
[2026-04-09 01:28:24] [INFO] [NAV] Updated K144-Kotak ELSS Tax Saver Fund - Growth (Regular Plan) (Non-Demat) (INF174K01369): amfi_code=103339 nav=109.438 date=2026-04-09
[2026-04-09 01:28:24] [INFO] [NAV] Updated 117IOD1G-Mirae Asset Large Cap Fund - Direct Plan (INF769K01AX2): amfi_code=118825 nav=121.164 date=2026-04-09
[2026-04-09 01:28:24] [INFO] [NAV] Updated 127NTGDG-Motilal Oswal Nifty 500 Index Fund - Direct Growth (INF247L01957): amfi_code=147625 nav=25.6214 date=2026-04-09
[2026-04-09 01:28:24] [INFO] [NAV] Updated 127CPGDG-Motilal Oswal Flexi Cap Fund - Direct Plan Growth (INF247L01502): amfi_code=129046 nav=61.0951 date=2026-04-09
[2026-04-09 01:28:24] [INFO] [NAV] Updated 127MFGDG-Motilal Oswal Focused Fund - Direct Plan Growth (INF247L01189): amfi_code=122389 nav=49.6327 date=2026-04-09
[2026-04-09 01:28:24] [INFO] [NAV] Updated RMFBFGPG-NIPPON INDIA BANKING & FINANCIAL SERVICES FUND - GROWTH PLAN (INF204K01927): amfi_code=101862 nav=613.6957 date=2026-04-09
[2026-04-09 01:28:24] [INFO] [NAV] Updated RMFTSGPG-NIPPON INDIA ELSS TAX SAVER FUND - GROWTH PLAN - GROWTH OPTION (INF204K01GK4): amfi_code=103196 nav=124.4787 date=2026-04-09
[2026-04-09 01:28:24] [INFO] [NAV] Updated RMFGFGPG-NIPPON INDIA GROWTH MID CAP FUND - GROWTH PLAN GROWTH OPTION (INF204K01323): amfi_code=100377 nav=4112.0823 date=2026-04-09
[2026-04-09 01:28:24] [INFO] [NAV] Updated RMFEAAGG-NIPPON INDIA LARGE CAP FUND - DIRECT GROWTH PLAN GROWTH OPTION (INF204K01XI3): amfi_code=118632 nav=97.4948 date=2026-04-09
[2026-04-09 01:28:24] [INFO] [NAV] Updated RMFSCAGG-NIPPON INDIA SMALL CAP FUND - DIRECT GROWTH PLAN GROWTH OPTION (INF204K01K15): amfi_code=118778 nav=178.0416 date=2026-04-09
[2026-04-09 01:28:24] [INFO] [NAV] Updated PP001ZG-Parag Parikh Flexi Cap Fund - Direct Plan Growth (formerly Parag Parikh Long Term Value Fund) (Non-Demat) (INF879O01027): amfi_code=122639 nav=90.1325 date=2026-04-08
[2026-04-09 01:28:24] [INFO] [NAV] Updated PPLCFGZ-Parag Parikh Large Cap Fund - Direct Plan Growth (Non-Demat) (INF879O01332): amfi_code=154155 nav=9.3201 date=2026-04-09
[2026-04-09 01:28:24] [INFO] [NAV] Updated 166GFDGG-quant Multi Cap Fund - Direct Plan (INF966L01614): amfi_code=120823 nav=637.2035 date=2026-04-09
[2026-04-09 01:28:24] [INFO] [NAV] Updated 123EFGPG-Quantum Value Fund - Direct Plan Growth Option (INF082J01036): amfi_code=103490 nav=121.82 date=2026-04-09
[2026-04-09 01:28:24] [INFO] [NAV] Updated L036G-SBI Contra Fund - Regular Plan - Growth (Non-Demat) (INF200K01362): amfi_code=102414 nav=367.5133 date=2026-04-08
[2026-04-09 01:28:24] [INFO] [NAV] Updated LD81G-SBI Focused Fund - Direct Plan - Growth (formerly SBI Emerging Businesses Fund) (Non-Demat) (INF200K01RJ1): amfi_code=119727 nav=405.9895 date=2026-04-08
[2026-04-09 01:28:24] [INFO] [NAV] Updated L081G-SBI Focused Fund - Regular Plan - Growth (formerly SBI Emerging Businesses Fund) (Non-Demat) (INF200K01370): amfi_code=102756 nav=359.5703 date=2026-04-08
[2026-04-09 01:28:24] [INFO] [NAV] Updated L103G-SBI Large Cap Fund - Regular Plan - Growth (Non-Demat) (INF200K01180): amfi_code=103504 nav=89.3115 date=2026-04-09
[2026-04-09 01:28:24] [INFO] [NAV] Updated 176TFGP-SUNDARAM ELSS TAX SAVER FUND - REGULAR GROWTH (INF173K01361): amfi_code=149569 nav=482.7295 date=2026-04-09
[2026-04-09 01:28:24] [INFO] [NAV] Updated 176MCDG-SUNDARAM MID CAP FUND DIRECT GROWTH (INF903J01MJ3): amfi_code=119581 nav=1497.986 date=2026-04-09
[2026-04-09 01:28:24] [INFO] [NAV] Updated 176DEGP-SUNDARAM VALUE FUND - REGULAR GROWTH (INF903J01538): amfi_code=101853 nav=207.8446 date=2026-04-09
[2026-04-09 01:28:24] [INFO] [NAV] Updated 176NHZG-SUNDARAM NIFTY 100 EQUAL WEIGHT FUND - DIRECT GROWTH (INF173K01EZ4): amfi_code=149483 nav=181.187 date=2026-04-09
[2026-04-09 01:28:24] [INFO] [NAV] Updated TTSF-Tata ELSS Fund Regular Plan IDCW# (Non-Demat) (INF277K01I60): amfi_code=100474 nav=88.9413 date=2026-04-09
[2026-04-09 01:28:24] [INFO] [NAV] Updated 108ETGPG-UTI ELSS Tax Saver Fund - Regular Plan (INF789F01547): amfi_code=100821 nav=192.7211 date=2026-04-09
[2026-04-09 01:28:24] [INFO] [NAV] Updated 108NID2G-UTI Nifty 50 Index Fund - Direct Plan (INF789F01XA0): amfi_code=120716 nav=166.1968 date=2026-04-09
[2026-04-09 01:28:24] [INFO] [NAV] Updated 108NYG1G-UTI Nifty Next 50 Index Fund - Direct Plan (INF789FC12T1): amfi_code=143341 nav=24.5497 date=2026-04-09
[2026-04-09 01:28:24] [INFO] [NAV] COMPLETE amfi-refresh: 55 updated, 2 not found, 0 errors
[2026-04-09 01:28:24] [INFO] [NAV] COMPLETE nav-update: 55 updated, 2 not found, 0 errors
