[2026-04-05 19:39:32] [INFO] [NAV] Source: NAVAll.txt (portal.amfiindia.com)
[2026-04-05 19:39:34] [INFO] [NAV] Starting AMFI refresh: 53 funds to process
[2026-04-05 19:39:34] [INFO] [NAV] Updated Aditya Birla Sun Life ELSS Tax Saver Fund- (ELSS U/S 80C of IT ACT) - Growth-Regular Plan (Non-Demat) (INF209K01108): amfi_code=107745 nav=55.54 date=2026-04-02
[2026-04-05 19:39:34] [INFO] [NAV] Updated Bandhan ELSS Tax saver Fund-Regular Plan-Growth (Non-Demat) (INF194K01292): amfi_code=111569 nav=140.349 date=2026-04-02
[2026-04-05 19:39:34] [INFO] [NAV] Updated Bandhan ELSS Tax saver Fund-Regular Plan-Growth (Non-Demat) (INF194K01V89): amfi_code=118419 nav=147.419 date=2026-04-02
[2026-04-05 19:39:34] [INFO] [NAV] Updated Bandhan ELSS Tax saver Fund-Regular Plan-Growth (Non-Demat) (INF761K01157): amfi_code=111709 nav=160.5 date=2026-04-02
[2026-04-05 19:39:34] [INFO] [NAV] Updated Canara Robeco Large and Mid Cap Fund - Direct Growth (INF760K01EI4): amfi_code=118278 nav=258.99 date=2026-04-02
[2026-04-05 19:39:34] [INFO] [NAV] Updated Capitalmind Flexi Cap Fund - Direct (INF226401018): amfi_code=153738 nav=9.569 date=2026-04-02
[2026-04-05 19:39:34] [INFO] [NAV] Updated DSP ELSS Tax Saver Fund - Regular Plan - Growth (Non-Demat) (INF740K01185): amfi_code=104772 nav=126.617 date=2026-04-02
[2026-04-05 19:39:34] [INFO] [NAV] Updated Franklin India ELSS Tax Saver Fund - Growth (Non-Demat) (INF090I01775): amfi_code=100526 nav=1317.8032 date=2026-04-02
[2026-04-05 19:39:34] [INFO] [NAV] Updated Franklin India ELSS Tax Saver Fund - Growth (Non-Demat) (INF090I01FN7): amfi_code=118531 nav=1041.1098 date=2026-04-02
[2026-04-05 19:39:34] [INFO] [NAV] Updated Franklin INDIA OPPORTUNITIES FUND - Direct Plan - Growth (Non-Demat) (INF090I01GC8): amfi_code=118539 nav=252.8426 date=2026-04-02
[2026-04-05 19:39:34] [INFO] [NAV] Updated Franklin India Technology Fund - Direct Plan - Growth (Non-Demat) (INF090I01FE6): amfi_code=118537 nav=482.388 date=2026-04-02
[2026-04-05 19:39:34] [INFO] [NAV] Updated HDFC Flexi Cap Fund - Direct Plan - Growth Option (Non-Demat) (INF179K01UT0): amfi_code=118955 nav=2030.109 date=2026-04-02
[2026-04-05 19:39:34] [INFO] [NAV] Updated HDFC Flexi Cap Fund - Direct Plan - Growth Option (Non-Demat) (INF179K01BB8): amfi_code=101979 nav=1271.954 date=2026-04-02
[2026-04-05 19:39:34] [INFO] [NAV] Updated HDFC Large Cap Fund - Regular Plan - Growth (formerly HDFC Top 100 Fund) (Non-Demat) (INF179K01BE2): amfi_code=102000 nav=1030.882 date=2026-04-02
[2026-04-05 19:39:34] [INFO] [NAV] Updated HDFC Large Cap Fund - Direct Plan - Growth Option (formerly HDFC Top 100 Fund) (Non-Demat) (INF179K01YV8): amfi_code=119018 nav=1119.715 date=2026-04-02
[2026-04-05 19:39:34] [WARN] [NAV] ISIN not found in NAVAll.txt: INF179K01YC8 (HDFC Prudence Fund - Direct Plan - Growth Option (Non-Demat))
[2026-04-05 19:39:34] [INFO] [NAV] Updated HDFC Mid Cap Fund - Direct Plan - Growth Option (Non-Demat) (INF179K01XQ0): amfi_code=118989 nav=202.243 date=2026-04-02
[2026-04-05 19:39:34] [WARN] [NAV] ISIN not found in NAVAll.txt: INF179K01AV8 (HDFC Prudence Fund - Regular Plan - Growth (Non-Demat))
[2026-04-05 19:39:34] [INFO] [NAV] Updated HSBC ELSS Tax Saver Fund - Regular Growth (Formerly known as L&T Tax Advantage Fund - Growth) (Non-Demat) (INF677K01064): amfi_code=151076 nav=122.4221 date=2026-04-02
[2026-04-05 19:39:34] [INFO] [NAV] Updated HSBC Midcap Fund - Direct Growth (Formerly known as L&T Midcap Fund Direct Plan - Growth ) (Non-Demat) (INF917K01FZ1): amfi_code=151036 nav=422.8956 date=2026-04-02
[2026-04-05 19:39:34] [INFO] [NAV] Updated ICICI Prudential Value Fund (erstwhile Value Discovery Fund) - Direct Plan - Growth (Non-Demat) (INF109K012K1): amfi_code=120323 nav=485.97 date=2026-04-02
[2026-04-05 19:39:34] [INFO] [NAV] Updated ICICI Prudential ELSS Tax Saver Fund - Growth (Non-Demat) (INF109K01464): amfi_code=100354 nav=858.8 date=2026-04-02
[2026-04-05 19:39:34] [INFO] [NAV] Updated ICICI Prudential India Opportunities Fund Direct Plan Growth (Non-Demat) (INF109KC1RH9): amfi_code=145897 nav=37.15 date=2026-04-02
[2026-04-05 19:39:34] [INFO] [NAV] Updated ICICI Prudential Large & Mid Cap Fund - Direct Plan - Growth (formerly ICICI Prudential Top 100 Fund) (Non-Demat) (INF109K011O5): amfi_code=120596 nav=1056.54 date=2026-04-02
[2026-04-05 19:39:34] [INFO] [NAV] Updated ICICI Prudential Value Fund (erstwhile Value Discovery Fund) - Growth (Non-Demat) (INF109K01AF8): amfi_code=102594 nav=440.64 date=2026-04-02
[2026-04-05 19:39:34] [INFO] [NAV] Updated ICICI Prudential Nifty Next 50 Index Fund - Direct Plan - Growth (Non-Demat) (INF109K01Y80): amfi_code=120684 nav=57.5496 date=2026-04-02
[2026-04-05 19:39:34] [INFO] [NAV] Updated Invesco India ELSS Tax Saver Fund - Regular Plan Growth (INF205K01270): amfi_code=104636 nav=106.77 date=2026-04-02
[2026-04-05 19:39:34] [INFO] [NAV] Updated Invesco India Large & Mid Cap Fund - Direct Plan Growth (INF205K01MA0): amfi_code=120357 nav=105.45 date=2026-04-02
[2026-04-05 19:39:34] [INFO] [NAV] Updated JM Value Fund - (Direct) - Growth Option (INF192K01BT3): amfi_code=120486 nav=93.4893 date=2026-04-02
[2026-04-05 19:39:34] [INFO] [NAV] Updated Kotak Midcap Fund- Direct Plan - Growth (Erstwhile Kotak Emerging Equity Scheme) (Non-Demat) (INF174K01LT0): amfi_code=119775 nav=144.661 date=2026-04-02
[2026-04-05 19:39:34] [INFO] [NAV] Updated Kotak ELSS Tax Saver Fund - Growth (Regular Plan) (Non-Demat) (INF174K01369): amfi_code=103339 nav=104.243 date=2026-04-02
[2026-04-05 19:39:34] [INFO] [NAV] Updated Mirae Asset Large Cap Fund - Direct Plan (INF769K01AX2): amfi_code=118825 nav=115.637 date=2026-04-02
[2026-04-05 19:39:34] [INFO] [NAV] Updated Motilal Oswal Nifty 500 Index Fund - Direct Growth (INF247L01957): amfi_code=147625 nav=24.3448 date=2026-04-02
[2026-04-05 19:39:34] [INFO] [NAV] Updated Motilal Oswal Flexi Cap Fund - Direct Plan Growth (INF247L01502): amfi_code=129046 nav=58.1973 date=2026-04-02
[2026-04-05 19:39:34] [INFO] [NAV] Updated Motilal Oswal Focused Fund - Direct Plan Growth (INF247L01189): amfi_code=122389 nav=47.1753 date=2026-04-02
[2026-04-05 19:39:34] [INFO] [NAV] Updated NIPPON INDIA LARGE CAP FUND - DIRECT GROWTH PLAN GROWTH OPTION (INF204K01XI3): amfi_code=118632 nav=93.2361 date=2026-04-02
[2026-04-05 19:39:34] [INFO] [NAV] Updated NIPPON INDIA SMALL CAP FUND - DIRECT GROWTH PLAN GROWTH OPTION (INF204K01K15): amfi_code=118778 nav=169.9426 date=2026-04-02
[2026-04-05 19:39:34] [INFO] [NAV] Updated Parag Parikh Flexi Cap Fund - Direct Plan Growth (formerly Parag Parikh Long Term Value Fund) (Non-Demat) (INF879O01027): amfi_code=122639 nav=86.5155 date=2026-04-02
[2026-04-05 19:39:34] [INFO] [NAV] Updated Parag Parikh Large Cap Fund - Direct Plan Growth (Non-Demat) (INF879O01332): amfi_code=154155 nav=8.8744 date=2026-04-02
[2026-04-05 19:39:34] [INFO] [NAV] Updated quant Multi Cap Fund - Direct Plan (INF966L01614): amfi_code=120823 nav=607.0919 date=2026-04-02
[2026-04-05 19:39:34] [INFO] [NAV] Updated Quantum Value Fund - Direct Plan Growth Option (INF082J01036): amfi_code=103490 nav=116.66 date=2026-04-02
[2026-04-05 19:39:34] [INFO] [NAV] Updated SBI Contra Fund - Regular Plan - Growth (Non-Demat) (INF200K01362): amfi_code=102414 nav=352.2789 date=2026-04-02
[2026-04-05 19:39:34] [INFO] [NAV] Updated SBI Focused Fund - Direct Plan - Growth (formerly SBI Emerging Businesses Fund) (Non-Demat) (INF200K01RJ1): amfi_code=119727 nav=386.4838 date=2026-04-02
[2026-04-05 19:39:34] [INFO] [NAV] Updated SBI Focused Fund - Regular Plan - Growth (formerly SBI Emerging Businesses Fund) (Non-Demat) (INF200K01370): amfi_code=102756 nav=342.3388 date=2026-04-02
[2026-04-05 19:39:34] [INFO] [NAV] Updated SBI Large Cap Fund - Regular Plan - Growth (Non-Demat) (INF200K01180): amfi_code=103504 nav=85.2286 date=2026-04-02
[2026-04-05 19:39:34] [INFO] [NAV] Updated SUNDARAM ELSS TAX SAVER FUND - REGULAR GROWTH (INF173K01361): amfi_code=149569 nav=461.3863 date=2026-04-02
[2026-04-05 19:39:34] [INFO] [NAV] Updated SUNDARAM MID CAP FUND DIRECT GROWTH (INF903J01MJ3): amfi_code=119581 nav=1419.5578 date=2026-04-02
[2026-04-05 19:39:34] [INFO] [NAV] Updated SUNDARAM VALUE FUND - REGULAR GROWTH (INF903J01538): amfi_code=101853 nav=198.9848 date=2026-04-02
[2026-04-05 19:39:34] [INFO] [NAV] Updated SUNDARAM NIFTY 100 EQUAL WEIGHT FUND - DIRECT GROWTH (INF173K01EZ4): amfi_code=149483 nav=170.8647 date=2026-04-02
[2026-04-05 19:39:34] [INFO] [NAV] Updated Tata ELSS Fund Regular Plan IDCW# (Non-Demat) (INF277K01I60): amfi_code=100474 nav=84.4288 date=2026-04-02
[2026-04-05 19:39:34] [INFO] [NAV] Updated UTI ELSS Tax Saver Fund - Regular Plan (INF789F01547): amfi_code=100821 nav=183.7742 date=2026-04-02
[2026-04-05 19:39:34] [INFO] [NAV] Updated UTI Nifty 50 Index Fund - Direct Plan (INF789F01XA0): amfi_code=120716 nav=158.7789 date=2026-04-02
[2026-04-05 19:39:34] [INFO] [NAV] Updated UTI Nifty Next 50 Index Fund - Direct Plan (INF789FC12T1): amfi_code=143341 nav=22.9552 date=2026-04-02
[2026-04-05 19:39:34] [INFO] [NAV] COMPLETE amfi-refresh: 51 updated, 2 not found, 0 errors
[2026-04-05 19:39:41] [INFO] [NAV] Starting NAV update via NAVAll.txt
[2026-04-05 19:39:43] [INFO] [NAV] Source: NAVAll.txt (portal.amfiindia.com)
[2026-04-05 19:39:44] [INFO] [NAV] Starting AMFI refresh: 53 funds to process
[2026-04-05 19:39:44] [INFO] [NAV] Updated Aditya Birla Sun Life ELSS Tax Saver Fund- (ELSS U/S 80C of IT ACT) - Growth-Regular Plan (Non-Demat) (INF209K01108): amfi_code=107745 nav=55.54 date=2026-04-02
[2026-04-05 19:39:44] [INFO] [NAV] Updated Bandhan ELSS Tax saver Fund-Regular Plan-Growth (Non-Demat) (INF194K01292): amfi_code=111569 nav=140.349 date=2026-04-02
[2026-04-05 19:39:44] [INFO] [NAV] Updated Bandhan ELSS Tax saver Fund-Regular Plan-Growth (Non-Demat) (INF194K01V89): amfi_code=118419 nav=147.419 date=2026-04-02
[2026-04-05 19:39:44] [INFO] [NAV] Updated Bandhan ELSS Tax saver Fund-Regular Plan-Growth (Non-Demat) (INF761K01157): amfi_code=111709 nav=160.5 date=2026-04-02
[2026-04-05 19:39:44] [INFO] [NAV] Updated Canara Robeco Large and Mid Cap Fund - Direct Growth (INF760K01EI4): amfi_code=118278 nav=258.99 date=2026-04-02
[2026-04-05 19:39:44] [INFO] [NAV] Updated Capitalmind Flexi Cap Fund - Direct (INF226401018): amfi_code=153738 nav=9.569 date=2026-04-02
[2026-04-05 19:39:44] [INFO] [NAV] Updated DSP ELSS Tax Saver Fund - Regular Plan - Growth (Non-Demat) (INF740K01185): amfi_code=104772 nav=126.617 date=2026-04-02
[2026-04-05 19:39:44] [INFO] [NAV] Updated Franklin India ELSS Tax Saver Fund - Growth (Non-Demat) (INF090I01775): amfi_code=100526 nav=1317.8032 date=2026-04-02
[2026-04-05 19:39:44] [INFO] [NAV] Updated Franklin India ELSS Tax Saver Fund - Growth (Non-Demat) (INF090I01FN7): amfi_code=118531 nav=1041.1098 date=2026-04-02
[2026-04-05 19:39:44] [INFO] [NAV] Updated Franklin INDIA OPPORTUNITIES FUND - Direct Plan - Growth (Non-Demat) (INF090I01GC8): amfi_code=118539 nav=252.8426 date=2026-04-02
[2026-04-05 19:39:44] [INFO] [NAV] Updated Franklin India Technology Fund - Direct Plan - Growth (Non-Demat) (INF090I01FE6): amfi_code=118537 nav=482.388 date=2026-04-02
[2026-04-05 19:39:44] [INFO] [NAV] Updated HDFC Flexi Cap Fund - Direct Plan - Growth Option (Non-Demat) (INF179K01UT0): amfi_code=118955 nav=2030.109 date=2026-04-02
[2026-04-05 19:39:44] [INFO] [NAV] Updated HDFC Flexi Cap Fund - Direct Plan - Growth Option (Non-Demat) (INF179K01BB8): amfi_code=101979 nav=1271.954 date=2026-04-02
[2026-04-05 19:39:44] [INFO] [NAV] Updated HDFC Large Cap Fund - Regular Plan - Growth (formerly HDFC Top 100 Fund) (Non-Demat) (INF179K01BE2): amfi_code=102000 nav=1030.882 date=2026-04-02
[2026-04-05 19:39:44] [INFO] [NAV] Updated HDFC Large Cap Fund - Direct Plan - Growth Option (formerly HDFC Top 100 Fund) (Non-Demat) (INF179K01YV8): amfi_code=119018 nav=1119.715 date=2026-04-02
[2026-04-05 19:39:44] [WARN] [NAV] ISIN not found in NAVAll.txt: INF179K01YC8 (HDFC Prudence Fund - Direct Plan - Growth Option (Non-Demat))
[2026-04-05 19:39:44] [INFO] [NAV] Updated HDFC Mid Cap Fund - Direct Plan - Growth Option (Non-Demat) (INF179K01XQ0): amfi_code=118989 nav=202.243 date=2026-04-02
[2026-04-05 19:39:44] [WARN] [NAV] ISIN not found in NAVAll.txt: INF179K01AV8 (HDFC Prudence Fund - Regular Plan - Growth (Non-Demat))
[2026-04-05 19:39:44] [INFO] [NAV] Updated HSBC ELSS Tax Saver Fund - Regular Growth (Formerly known as L&T Tax Advantage Fund - Growth) (Non-Demat) (INF677K01064): amfi_code=151076 nav=122.4221 date=2026-04-02
[2026-04-05 19:39:44] [INFO] [NAV] Updated HSBC Midcap Fund - Direct Growth (Formerly known as L&T Midcap Fund Direct Plan - Growth ) (Non-Demat) (INF917K01FZ1): amfi_code=151036 nav=422.8956 date=2026-04-02
[2026-04-05 19:39:44] [INFO] [NAV] Updated ICICI Prudential Value Fund (erstwhile Value Discovery Fund) - Direct Plan - Growth (Non-Demat) (INF109K012K1): amfi_code=120323 nav=485.97 date=2026-04-02
[2026-04-05 19:39:44] [INFO] [NAV] Updated ICICI Prudential ELSS Tax Saver Fund - Growth (Non-Demat) (INF109K01464): amfi_code=100354 nav=858.8 date=2026-04-02
[2026-04-05 19:39:44] [INFO] [NAV] Updated ICICI Prudential India Opportunities Fund Direct Plan Growth (Non-Demat) (INF109KC1RH9): amfi_code=145897 nav=37.15 date=2026-04-02
[2026-04-05 19:39:44] [INFO] [NAV] Updated ICICI Prudential Large & Mid Cap Fund - Direct Plan - Growth (formerly ICICI Prudential Top 100 Fund) (Non-Demat) (INF109K011O5): amfi_code=120596 nav=1056.54 date=2026-04-02
[2026-04-05 19:39:44] [INFO] [NAV] Updated ICICI Prudential Value Fund (erstwhile Value Discovery Fund) - Growth (Non-Demat) (INF109K01AF8): amfi_code=102594 nav=440.64 date=2026-04-02
[2026-04-05 19:39:44] [INFO] [NAV] Updated ICICI Prudential Nifty Next 50 Index Fund - Direct Plan - Growth (Non-Demat) (INF109K01Y80): amfi_code=120684 nav=57.5496 date=2026-04-02
[2026-04-05 19:39:44] [INFO] [NAV] Updated Invesco India ELSS Tax Saver Fund - Regular Plan Growth (INF205K01270): amfi_code=104636 nav=106.77 date=2026-04-02
[2026-04-05 19:39:44] [INFO] [NAV] Updated Invesco India Large & Mid Cap Fund - Direct Plan Growth (INF205K01MA0): amfi_code=120357 nav=105.45 date=2026-04-02
[2026-04-05 19:39:44] [INFO] [NAV] Updated JM Value Fund - (Direct) - Growth Option (INF192K01BT3): amfi_code=120486 nav=93.4893 date=2026-04-02
[2026-04-05 19:39:44] [INFO] [NAV] Updated Kotak Midcap Fund- Direct Plan - Growth (Erstwhile Kotak Emerging Equity Scheme) (Non-Demat) (INF174K01LT0): amfi_code=119775 nav=144.661 date=2026-04-02
[2026-04-05 19:39:44] [INFO] [NAV] Updated Kotak ELSS Tax Saver Fund - Growth (Regular Plan) (Non-Demat) (INF174K01369): amfi_code=103339 nav=104.243 date=2026-04-02
[2026-04-05 19:39:44] [INFO] [NAV] Updated Mirae Asset Large Cap Fund - Direct Plan (INF769K01AX2): amfi_code=118825 nav=115.637 date=2026-04-02
[2026-04-05 19:39:44] [INFO] [NAV] Updated Motilal Oswal Nifty 500 Index Fund - Direct Growth (INF247L01957): amfi_code=147625 nav=24.3448 date=2026-04-02
[2026-04-05 19:39:44] [INFO] [NAV] Updated Motilal Oswal Flexi Cap Fund - Direct Plan Growth (INF247L01502): amfi_code=129046 nav=58.1973 date=2026-04-02
[2026-04-05 19:39:44] [INFO] [NAV] Updated Motilal Oswal Focused Fund - Direct Plan Growth (INF247L01189): amfi_code=122389 nav=47.1753 date=2026-04-02
[2026-04-05 19:39:44] [INFO] [NAV] Updated NIPPON INDIA LARGE CAP FUND - DIRECT GROWTH PLAN GROWTH OPTION (INF204K01XI3): amfi_code=118632 nav=93.2361 date=2026-04-02
[2026-04-05 19:39:44] [INFO] [NAV] Updated NIPPON INDIA SMALL CAP FUND - DIRECT GROWTH PLAN GROWTH OPTION (INF204K01K15): amfi_code=118778 nav=169.9426 date=2026-04-02
[2026-04-05 19:39:44] [INFO] [NAV] Updated Parag Parikh Flexi Cap Fund - Direct Plan Growth (formerly Parag Parikh Long Term Value Fund) (Non-Demat) (INF879O01027): amfi_code=122639 nav=86.5155 date=2026-04-02
[2026-04-05 19:39:44] [INFO] [NAV] Updated Parag Parikh Large Cap Fund - Direct Plan Growth (Non-Demat) (INF879O01332): amfi_code=154155 nav=8.8744 date=2026-04-02
[2026-04-05 19:39:44] [INFO] [NAV] Updated quant Multi Cap Fund - Direct Plan (INF966L01614): amfi_code=120823 nav=607.0919 date=2026-04-02
[2026-04-05 19:39:44] [INFO] [NAV] Updated Quantum Value Fund - Direct Plan Growth Option (INF082J01036): amfi_code=103490 nav=116.66 date=2026-04-02
[2026-04-05 19:39:44] [INFO] [NAV] Updated SBI Contra Fund - Regular Plan - Growth (Non-Demat) (INF200K01362): amfi_code=102414 nav=352.2789 date=2026-04-02
[2026-04-05 19:39:44] [INFO] [NAV] Updated SBI Focused Fund - Direct Plan - Growth (formerly SBI Emerging Businesses Fund) (Non-Demat) (INF200K01RJ1): amfi_code=119727 nav=386.4838 date=2026-04-02
[2026-04-05 19:39:44] [INFO] [NAV] Updated SBI Focused Fund - Regular Plan - Growth (formerly SBI Emerging Businesses Fund) (Non-Demat) (INF200K01370): amfi_code=102756 nav=342.3388 date=2026-04-02
[2026-04-05 19:39:44] [INFO] [NAV] Updated SBI Large Cap Fund - Regular Plan - Growth (Non-Demat) (INF200K01180): amfi_code=103504 nav=85.2286 date=2026-04-02
[2026-04-05 19:39:44] [INFO] [NAV] Updated SUNDARAM ELSS TAX SAVER FUND - REGULAR GROWTH (INF173K01361): amfi_code=149569 nav=461.3863 date=2026-04-02
[2026-04-05 19:39:44] [INFO] [NAV] Updated SUNDARAM MID CAP FUND DIRECT GROWTH (INF903J01MJ3): amfi_code=119581 nav=1419.5578 date=2026-04-02
[2026-04-05 19:39:44] [INFO] [NAV] Updated SUNDARAM VALUE FUND - REGULAR GROWTH (INF903J01538): amfi_code=101853 nav=198.9848 date=2026-04-02
[2026-04-05 19:39:44] [INFO] [NAV] Updated SUNDARAM NIFTY 100 EQUAL WEIGHT FUND - DIRECT GROWTH (INF173K01EZ4): amfi_code=149483 nav=170.8647 date=2026-04-02
[2026-04-05 19:39:44] [INFO] [NAV] Updated Tata ELSS Fund Regular Plan IDCW# (Non-Demat) (INF277K01I60): amfi_code=100474 nav=84.4288 date=2026-04-02
[2026-04-05 19:39:44] [INFO] [NAV] Updated UTI ELSS Tax Saver Fund - Regular Plan (INF789F01547): amfi_code=100821 nav=183.7742 date=2026-04-02
[2026-04-05 19:39:44] [INFO] [NAV] Updated UTI Nifty 50 Index Fund - Direct Plan (INF789F01XA0): amfi_code=120716 nav=158.7789 date=2026-04-02
[2026-04-05 19:39:44] [INFO] [NAV] Updated UTI Nifty Next 50 Index Fund - Direct Plan (INF789FC12T1): amfi_code=143341 nav=22.9552 date=2026-04-02
[2026-04-05 19:39:44] [INFO] [NAV] COMPLETE amfi-refresh: 51 updated, 2 not found, 0 errors
[2026-04-05 19:39:44] [INFO] [NAV] COMPLETE nav-update: 51 updated, 2 not found, 0 errors
[2026-04-05 19:40:00] [INFO] [BACKFILL] Starting NAV history backfill/sync: 51 funds to process
[2026-04-05 19:40:01] [INFO] [BACKFILL] Full backfill Quantum Value Fund - Direct Plan Growth Option: 4926 days inserted
[2026-04-05 19:40:02] [INFO] [BACKFILL] Full backfill Franklin India ELSS Tax Saver Fund - Growth (Non-Demat): 4920 days inserted
[2026-04-05 19:40:03] [INFO] [BACKFILL] Full backfill Franklin India Technology Fund - Direct Plan - Growth (Non-Demat): 3258 days inserted
[2026-04-05 19:40:04] [INFO] [BACKFILL] Full backfill Franklin India ELSS Tax Saver Fund - Growth (Non-Demat): 3260 days inserted
[2026-04-05 19:40:05] [INFO] [BACKFILL] Full backfill Franklin INDIA OPPORTUNITIES FUND - Direct Plan - Growth (Non-Demat): 3260 days inserted
[2026-04-05 19:40:06] [INFO] [BACKFILL] Full backfill ICICI Prudential Large & Mid Cap Fund - Direct Plan - Growth (formerly ICICI Prudential Top 100 Fund) (Non-Demat): 3260 days inserted
[2026-04-05 19:40:10] [INFO] [BACKFILL] Full backfill ICICI Prudential Value Fund (erstwhile Value Discovery Fund) - Direct Plan - Growth (Non-Demat): 3259 days inserted
[2026-04-05 19:40:13] [INFO] [BACKFILL] Full backfill ICICI Prudential ELSS Tax Saver Fund - Growth (Non-Demat): 4924 days inserted
[2026-04-05 19:40:16] [INFO] [BACKFILL] Full backfill ICICI Prudential Value Fund (erstwhile Value Discovery Fund) - Growth (Non-Demat): 4923 days inserted
[2026-04-05 19:40:17] [INFO] [BACKFILL] Full backfill ICICI Prudential Nifty Next 50 Index Fund - Direct Plan - Growth (Non-Demat): 3260 days inserted
[2026-04-05 19:40:18] [INFO] [BACKFILL] Full backfill ICICI Prudential India Opportunities Fund Direct Plan Growth (Non-Demat): 1776 days inserted
[2026-04-05 19:40:18] [INFO] [BACKFILL] Full backfill SUNDARAM ELSS TAX SAVER FUND - REGULAR GROWTH: 1046 days inserted
[2026-04-05 19:40:19] [INFO] [BACKFILL] Full backfill SUNDARAM NIFTY 100 EQUAL WEIGHT FUND - DIRECT GROWTH: 1046 days inserted
[2026-04-05 19:40:20] [INFO] [BACKFILL] Full backfill Kotak ELSS Tax Saver Fund - Growth (Regular Plan) (Non-Demat): 4923 days inserted
[2026-04-05 19:40:20] [INFO] [BACKFILL] Full backfill Kotak Midcap Fund- Direct Plan - Growth (Erstwhile Kotak Emerging Equity Scheme) (Non-Demat): 3258 days inserted
[2026-04-05 19:40:21] [INFO] [BACKFILL] Full backfill HDFC Flexi Cap Fund - Direct Plan - Growth Option (Non-Demat): 4923 days inserted
[2026-04-05 19:40:22] [INFO] [BACKFILL] Full backfill HDFC Large Cap Fund - Regular Plan - Growth (formerly HDFC Top 100 Fund) (Non-Demat): 4923 days inserted
[2026-04-05 19:40:23] [INFO] [BACKFILL] Full backfill HDFC Flexi Cap Fund - Direct Plan - Growth Option (Non-Demat): 3261 days inserted
[2026-04-05 19:40:24] [INFO] [BACKFILL] Full backfill HDFC Mid Cap Fund - Direct Plan - Growth Option (Non-Demat): 3261 days inserted
[2026-04-05 19:40:25] [INFO] [BACKFILL] Full backfill HDFC Large Cap Fund - Direct Plan - Growth Option (formerly HDFC Top 100 Fund) (Non-Demat): 3261 days inserted
[2026-04-05 19:40:26] [INFO] [BACKFILL] Full backfill JM Value Fund - (Direct) - Growth Option: 3260 days inserted
[2026-04-05 19:40:27] [INFO] [BACKFILL] Full backfill Bandhan ELSS Tax saver Fund-Regular Plan-Growth (Non-Demat): 4255 days inserted
[2026-04-05 19:40:28] [INFO] [BACKFILL] Full backfill Bandhan ELSS Tax saver Fund-Regular Plan-Growth (Non-Demat): 3268 days inserted
[2026-04-05 19:40:29] [INFO] [BACKFILL] Full backfill SBI Large Cap Fund - Regular Plan - Growth (Non-Demat): 4912 days inserted
[2026-04-05 19:40:30] [INFO] [BACKFILL] Full backfill SBI Contra Fund - Regular Plan - Growth (Non-Demat): 4910 days inserted
[2026-04-05 19:40:31] [INFO] [BACKFILL] Full backfill SBI Focused Fund - Regular Plan - Growth (formerly SBI Emerging Businesses Fund) (Non-Demat): 4910 days inserted
[2026-04-05 19:40:32] [INFO] [BACKFILL] Full backfill SBI Focused Fund - Direct Plan - Growth (formerly SBI Emerging Businesses Fund) (Non-Demat): 3266 days inserted
[2026-04-05 19:40:33] [INFO] [BACKFILL] Full backfill NIPPON INDIA SMALL CAP FUND - DIRECT GROWTH PLAN GROWTH OPTION: 3259 days inserted
[2026-04-05 19:40:33] [INFO] [BACKFILL] Full backfill NIPPON INDIA LARGE CAP FUND - DIRECT GROWTH PLAN GROWTH OPTION: 3260 days inserted
[2026-04-05 19:40:34] [INFO] [BACKFILL] Full backfill Invesco India ELSS Tax Saver Fund - Regular Plan Growth: 4727 days inserted
[2026-04-05 19:40:35] [INFO] [BACKFILL] Full backfill Invesco India Large & Mid Cap Fund - Direct Plan Growth: 3260 days inserted
[2026-04-05 19:40:36] [INFO] [BACKFILL] Full backfill Aditya Birla Sun Life ELSS Tax Saver Fund- (ELSS U/S 80C of IT ACT) - Growth-Regular Plan (Non-Demat): 4440 days inserted
[2026-04-05 19:40:37] [INFO] [BACKFILL] Full backfill Capitalmind Flexi Cap Fund - Direct: 161 days inserted
[2026-04-05 19:40:38] [INFO] [BACKFILL] Full backfill Motilal Oswal Focused Fund - Direct Plan Growth: 3170 days inserted
[2026-04-05 19:40:39] [INFO] [BACKFILL] Full backfill Motilal Oswal Flexi Cap Fund - Direct Plan Growth: 2935 days inserted
[2026-04-05 19:40:40] [INFO] [BACKFILL] Full backfill Motilal Oswal Nifty 500 Index Fund - Direct Growth: 1617 days inserted
[2026-04-05 19:40:42] [INFO] [BACKFILL] Full backfill Tata ELSS Fund Regular Plan IDCW# (Non-Demat): 4923 days inserted
[2026-04-05 19:40:43] [INFO] [BACKFILL] Full backfill HSBC ELSS Tax Saver Fund - Regular Growth (Formerly known as L&T Tax Advantage Fund - Growth) (Non-Demat): 824 days inserted
[2026-04-05 19:40:44] [INFO] [BACKFILL] Full backfill DSP ELSS Tax Saver Fund - Regular Plan - Growth (Non-Demat): 4725 days inserted
[2026-04-05 19:40:45] [INFO] [BACKFILL] Full backfill Canara Robeco Large and Mid Cap Fund - Direct Growth: 3260 days inserted
[2026-04-05 19:40:47] [INFO] [BACKFILL] Full backfill Bandhan ELSS Tax saver Fund-Regular Plan-Growth (Non-Demat): 4206 days inserted
[2026-04-05 19:40:48] [INFO] [BACKFILL] Full backfill Mirae Asset Large Cap Fund - Direct Plan: 3260 days inserted
[2026-04-05 19:40:49] [INFO] [BACKFILL] Full backfill UTI ELSS Tax Saver Fund - Regular Plan: 4918 days inserted
[2026-04-05 19:40:50] [INFO] [BACKFILL] Full backfill UTI Nifty 50 Index Fund - Direct Plan: 3260 days inserted
[2026-04-05 19:40:51] [INFO] [BACKFILL] Full backfill UTI Nifty Next 50 Index Fund - Direct Plan: 1909 days inserted
[2026-04-05 19:40:52] [INFO] [BACKFILL] Full backfill Parag Parikh Flexi Cap Fund - Direct Plan Growth (formerly Parag Parikh Long Term Value Fund) (Non-Demat): 3160 days inserted
[2026-04-05 19:40:53] [INFO] [BACKFILL] Full backfill Parag Parikh Large Cap Fund - Direct Plan Growth (Non-Demat): 38 days inserted
[2026-04-05 19:40:54] [INFO] [BACKFILL] Full backfill SUNDARAM VALUE FUND - REGULAR GROWTH: 4915 days inserted
[2026-04-05 19:40:56] [INFO] [BACKFILL] Full backfill SUNDARAM MID CAP FUND DIRECT GROWTH: 3259 days inserted
[2026-04-05 19:40:57] [INFO] [BACKFILL] Full backfill HSBC Midcap Fund - Direct Growth (Formerly known as L&T Midcap Fund Direct Plan - Growth ) (Non-Demat): 824 days inserted
[2026-04-05 19:40:58] [INFO] [BACKFILL] Full backfill quant Multi Cap Fund - Direct Plan: 3263 days inserted
[2026-04-05 19:40:58] [INFO] [BACKFILL] COMPLETE backfill: 51 full, 0 incremental, 0 up-to-date, 0 errors
[2026-04-05 19:42:56] [INFO] [BACKFILL] Starting NAV history backfill/sync: 51 funds to process
[2026-04-05 19:42:59] [INFO] [BACKFILL] Incremental fill Quantum Value Fund - Direct Plan Growth Option: 0 new days, gap was 3 days
[2026-04-05 19:43:00] [INFO] [BACKFILL] Incremental fill Franklin India ELSS Tax Saver Fund - Growth (Non-Demat): 0 new days, gap was 3 days
[2026-04-05 19:43:00] [INFO] [BACKFILL] Incremental fill Franklin India Technology Fund - Direct Plan - Growth (Non-Demat): 0 new days, gap was 3 days
[2026-04-05 19:43:01] [INFO] [BACKFILL] Incremental fill Franklin India ELSS Tax Saver Fund - Growth (Non-Demat): 0 new days, gap was 3 days
[2026-04-05 19:43:02] [INFO] [BACKFILL] Incremental fill Franklin INDIA OPPORTUNITIES FUND - Direct Plan - Growth (Non-Demat): 0 new days, gap was 3 days
[2026-04-05 19:43:03] [INFO] [BACKFILL] Incremental fill ICICI Prudential Large & Mid Cap Fund - Direct Plan - Growth (formerly ICICI Prudential Top 100 Fund) (Non-Demat): 0 new days, gap was 3 days
[2026-04-05 19:43:04] [INFO] [BACKFILL] Incremental fill ICICI Prudential Value Fund (erstwhile Value Discovery Fund) - Direct Plan - Growth (Non-Demat): 0 new days, gap was 3 days
[2026-04-05 19:43:05] [INFO] [BACKFILL] Incremental fill ICICI Prudential ELSS Tax Saver Fund - Growth (Non-Demat): 0 new days, gap was 3 days
[2026-04-05 19:43:06] [INFO] [BACKFILL] Incremental fill ICICI Prudential Value Fund (erstwhile Value Discovery Fund) - Growth (Non-Demat): 0 new days, gap was 3 days
[2026-04-05 19:43:09] [INFO] [BACKFILL] Incremental fill ICICI Prudential Nifty Next 50 Index Fund - Direct Plan - Growth (Non-Demat): 0 new days, gap was 3 days
[2026-04-05 19:43:09] [INFO] [BACKFILL] Incremental fill ICICI Prudential India Opportunities Fund Direct Plan Growth (Non-Demat): 0 new days, gap was 3 days
[2026-04-05 19:43:10] [INFO] [BACKFILL] Incremental fill SUNDARAM ELSS TAX SAVER FUND - REGULAR GROWTH: 0 new days, gap was 3 days
[2026-04-05 19:43:11] [INFO] [BACKFILL] Incremental fill SUNDARAM NIFTY 100 EQUAL WEIGHT FUND - DIRECT GROWTH: 0 new days, gap was 3 days
[2026-04-05 19:43:13] [INFO] [BACKFILL] Incremental fill Kotak ELSS Tax Saver Fund - Growth (Regular Plan) (Non-Demat): 0 new days, gap was 3 days
[2026-04-05 19:43:14] [INFO] [BACKFILL] Incremental fill Kotak Midcap Fund- Direct Plan - Growth (Erstwhile Kotak Emerging Equity Scheme) (Non-Demat): 0 new days, gap was 3 days
[2026-04-05 19:43:15] [INFO] [BACKFILL] Incremental fill HDFC Flexi Cap Fund - Direct Plan - Growth Option (Non-Demat): 0 new days, gap was 3 days
[2026-04-05 19:43:16] [INFO] [BACKFILL] Incremental fill HDFC Large Cap Fund - Regular Plan - Growth (formerly HDFC Top 100 Fund) (Non-Demat): 0 new days, gap was 3 days
[2026-04-05 19:43:17] [INFO] [BACKFILL] Incremental fill HDFC Flexi Cap Fund - Direct Plan - Growth Option (Non-Demat): 0 new days, gap was 3 days
[2026-04-05 19:43:18] [INFO] [BACKFILL] Incremental fill HDFC Mid Cap Fund - Direct Plan - Growth Option (Non-Demat): 0 new days, gap was 3 days
[2026-04-05 19:43:22] [INFO] [BACKFILL] Incremental fill HDFC Large Cap Fund - Direct Plan - Growth Option (formerly HDFC Top 100 Fund) (Non-Demat): 0 new days, gap was 3 days
[2026-04-05 19:43:24] [INFO] [BACKFILL] Incremental fill JM Value Fund - (Direct) - Growth Option: 0 new days, gap was 3 days
[2026-04-05 19:43:27] [INFO] [BACKFILL] Incremental fill Bandhan ELSS Tax saver Fund-Regular Plan-Growth (Non-Demat): 0 new days, gap was 3 days
[2026-04-05 19:43:29] [INFO] [BACKFILL] Incremental fill Bandhan ELSS Tax saver Fund-Regular Plan-Growth (Non-Demat): 0 new days, gap was 3 days
[2026-04-05 19:43:33] [INFO] [BACKFILL] Incremental fill SBI Large Cap Fund - Regular Plan - Growth (Non-Demat): 0 new days, gap was 3 days
[2026-04-05 19:43:35] [INFO] [BACKFILL] Incremental fill SBI Contra Fund - Regular Plan - Growth (Non-Demat): 0 new days, gap was 3 days
[2026-04-05 19:43:36] [INFO] [BACKFILL] Incremental fill SBI Focused Fund - Regular Plan - Growth (formerly SBI Emerging Businesses Fund) (Non-Demat): 0 new days, gap was 3 days
[2026-04-05 19:43:37] [INFO] [BACKFILL] Incremental fill SBI Focused Fund - Direct Plan - Growth (formerly SBI Emerging Businesses Fund) (Non-Demat): 0 new days, gap was 3 days
[2026-04-05 19:43:38] [INFO] [BACKFILL] Incremental fill NIPPON INDIA SMALL CAP FUND - DIRECT GROWTH PLAN GROWTH OPTION: 0 new days, gap was 3 days
[2026-04-05 19:43:39] [INFO] [BACKFILL] Incremental fill NIPPON INDIA LARGE CAP FUND - DIRECT GROWTH PLAN GROWTH OPTION: 0 new days, gap was 3 days
[2026-04-05 19:43:40] [INFO] [BACKFILL] Incremental fill Invesco India ELSS Tax Saver Fund - Regular Plan Growth: 0 new days, gap was 3 days
[2026-04-05 19:43:41] [INFO] [BACKFILL] Incremental fill Invesco India Large & Mid Cap Fund - Direct Plan Growth: 0 new days, gap was 3 days
[2026-04-05 19:43:42] [INFO] [BACKFILL] Incremental fill Aditya Birla Sun Life ELSS Tax Saver Fund- (ELSS U/S 80C of IT ACT) - Growth-Regular Plan (Non-Demat): 0 new days, gap was 3 days
[2026-04-05 19:43:42] [INFO] [BACKFILL] Incremental fill Capitalmind Flexi Cap Fund - Direct: 0 new days, gap was 3 days
[2026-04-05 19:43:43] [INFO] [BACKFILL] Incremental fill Motilal Oswal Focused Fund - Direct Plan Growth: 0 new days, gap was 3 days
[2026-04-05 19:43:44] [INFO] [BACKFILL] Incremental fill Motilal Oswal Flexi Cap Fund - Direct Plan Growth: 0 new days, gap was 3 days
[2026-04-05 19:43:45] [INFO] [BACKFILL] Incremental fill Motilal Oswal Nifty 500 Index Fund - Direct Growth: 0 new days, gap was 3 days
[2026-04-05 19:43:46] [INFO] [BACKFILL] Incremental fill Tata ELSS Fund Regular Plan IDCW# (Non-Demat): 0 new days, gap was 3 days
[2026-04-05 19:43:46] [INFO] [BACKFILL] Incremental fill HSBC ELSS Tax Saver Fund - Regular Growth (Formerly known as L&T Tax Advantage Fund - Growth) (Non-Demat): 0 new days, gap was 3 days
[2026-04-05 19:43:47] [INFO] [BACKFILL] Incremental fill DSP ELSS Tax Saver Fund - Regular Plan - Growth (Non-Demat): 0 new days, gap was 3 days
[2026-04-05 19:43:48] [INFO] [BACKFILL] Incremental fill Canara Robeco Large and Mid Cap Fund - Direct Growth: 0 new days, gap was 3 days
[2026-04-05 19:43:50] [INFO] [BACKFILL] Incremental fill Bandhan ELSS Tax saver Fund-Regular Plan-Growth (Non-Demat): 0 new days, gap was 3 days
[2026-04-05 19:43:51] [INFO] [BACKFILL] Incremental fill Mirae Asset Large Cap Fund - Direct Plan: 0 new days, gap was 3 days
[2026-04-05 19:43:51] [INFO] [BACKFILL] Incremental fill UTI ELSS Tax Saver Fund - Regular Plan: 0 new days, gap was 3 days
[2026-04-05 19:43:52] [INFO] [BACKFILL] Incremental fill UTI Nifty 50 Index Fund - Direct Plan: 0 new days, gap was 3 days
[2026-04-05 19:43:53] [INFO] [BACKFILL] Incremental fill UTI Nifty Next 50 Index Fund - Direct Plan: 0 new days, gap was 3 days
[2026-04-05 19:43:55] [INFO] [BACKFILL] Incremental fill Parag Parikh Flexi Cap Fund - Direct Plan Growth (formerly Parag Parikh Long Term Value Fund) (Non-Demat): 0 new days, gap was 3 days
[2026-04-05 19:43:55] [INFO] [BACKFILL] Incremental fill Parag Parikh Large Cap Fund - Direct Plan Growth (Non-Demat): 0 new days, gap was 3 days
[2026-04-05 19:43:57] [INFO] [BACKFILL] Incremental fill SUNDARAM VALUE FUND - REGULAR GROWTH: 0 new days, gap was 3 days
[2026-04-05 19:43:59] [INFO] [BACKFILL] Incremental fill SUNDARAM MID CAP FUND DIRECT GROWTH: 0 new days, gap was 3 days
[2026-04-05 19:43:59] [INFO] [BACKFILL] Incremental fill HSBC Midcap Fund - Direct Growth (Formerly known as L&T Midcap Fund Direct Plan - Growth ) (Non-Demat): 0 new days, gap was 3 days
[2026-04-05 19:44:00] [INFO] [BACKFILL] Incremental fill quant Multi Cap Fund - Direct Plan: 0 new days, gap was 3 days
[2026-04-05 19:44:01] [INFO] [BACKFILL] COMPLETE backfill: 0 full, 51 incremental, 0 up-to-date, 0 errors
